#! /c/Source/iverilog-install/bin/vvp
:ivl_version "12.0 (devel)" "(s20150603-1539-g2693dd32b)";
:ivl_delay_selection "TYPICAL";
:vpi_time_precision + 0;
:vpi_module "C:\iverilog\lib\ivl\system.vpi";
:vpi_module "C:\iverilog\lib\ivl\vhdl_sys.vpi";
:vpi_module "C:\iverilog\lib\ivl\vhdl_textio.vpi";
:vpi_module "C:\iverilog\lib\ivl\v2005_math.vpi";
:vpi_module "C:\iverilog\lib\ivl\va_math.vpi";
S_000002509ad6bca0 .scope module, "binary_to_sevensegment_tb" "binary_to_sevensegment_tb" 2 2;
 .timescale 0 0;
v000002509ac53aa0_0 .net "a", 0 0, v000002509ad6be30_0;  1 drivers
v000002509ac53b40_0 .net "b", 0 0, v000002509ad66b50_0;  1 drivers
v000002509ac53be0_0 .var "bin", 3 0;
v000002509ac53c80_0 .net "c", 0 0, v000002509ac59560_0;  1 drivers
v000002509ac53d20_0 .net "d", 0 0, v000002509ac59600_0;  1 drivers
v000002509ac53dc0_0 .net "e", 0 0, v000002509ac596a0_0;  1 drivers
v000002509ac53e60_0 .net "f", 0 0, v000002509ac59740_0;  1 drivers
v000002509ac53f00_0 .net "g", 0 0, v000002509ac53a00_0;  1 drivers
S_000002509ac593d0 .scope module, "uut" "binary_to_sevensegment" 2 5, 3 1 0, S_000002509ad6bca0;
 .timescale 0 0;
    .port_info 0 /INPUT 4 "bin";
    .port_info 1 /OUTPUT 1 "a";
    .port_info 2 /OUTPUT 1 "b";
    .port_info 3 /OUTPUT 1 "c";
    .port_info 4 /OUTPUT 1 "d";
    .port_info 5 /OUTPUT 1 "e";
    .port_info 6 /OUTPUT 1 "f";
    .port_info 7 /OUTPUT 1 "g";
v000002509ad6be30_0 .var "a", 0 0;
v000002509ad66b50_0 .var "b", 0 0;
v000002509ad6bed0_0 .net "bin", 3 0, v000002509ac53be0_0;  1 drivers
v000002509ac59560_0 .var "c", 0 0;
v000002509ac59600_0 .var "d", 0 0;
v000002509ac596a0_0 .var "e", 0 0;
v000002509ac59740_0 .var "f", 0 0;
v000002509ac53a00_0 .var "g", 0 0;
E_000002509ad6a390 .event anyedge, v000002509ad6bed0_0;
    .scope S_000002509ac593d0;
T_0 ;
    %wait E_000002509ad6a390;
    %load/vec4 v000002509ad6bed0_0;
    %dup/vec4;
    %pushi/vec4 0, 0, 4;
    %cmp/u;
    %jmp/1 T_0.0, 6;
    %dup/vec4;
    %pushi/vec4 1, 0, 4;
    %cmp/u;
    %jmp/1 T_0.1, 6;
    %dup/vec4;
    %pushi/vec4 2, 0, 4;
    %cmp/u;
    %jmp/1 T_0.2, 6;
    %dup/vec4;
    %pushi/vec4 3, 0, 4;
    %cmp/u;
    %jmp/1 T_0.3, 6;
    %dup/vec4;
    %pushi/vec4 4, 0, 4;
    %cmp/u;
    %jmp/1 T_0.4, 6;
    %dup/vec4;
    %pushi/vec4 5, 0, 4;
    %cmp/u;
    %jmp/1 T_0.5, 6;
    %dup/vec4;
    %pushi/vec4 6, 0, 4;
    %cmp/u;
    %jmp/1 T_0.6, 6;
    %dup/vec4;
    %pushi/vec4 7, 0, 4;
    %cmp/u;
    %jmp/1 T_0.7, 6;
    %dup/vec4;
    %pushi/vec4 8, 0, 4;
    %cmp/u;
    %jmp/1 T_0.8, 6;
    %dup/vec4;
    %pushi/vec4 9, 0, 4;
    %cmp/u;
    %jmp/1 T_0.9, 6;
    %pushi/vec4 0, 0, 7;
    %split/vec4 1;
    %store/vec4 v000002509ac53a00_0, 0, 1;
    %split/vec4 1;
    %store/vec4 v000002509ac59740_0, 0, 1;
    %split/vec4 1;
    %store/vec4 v000002509ac596a0_0, 0, 1;
    %split/vec4 1;
    %store/vec4 v000002509ac59600_0, 0, 1;
    %split/vec4 1;
    %store/vec4 v000002509ac59560_0, 0, 1;
    %split/vec4 1;
    %store/vec4 v000002509ad66b50_0, 0, 1;
    %store/vec4 v000002509ad6be30_0, 0, 1;
    %jmp T_0.11;
T_0.0 ;
    %pushi/vec4 126, 0, 7;
    %split/vec4 1;
    %store/vec4 v000002509ac53a00_0, 0, 1;
    %split/vec4 1;
    %store/vec4 v000002509ac59740_0, 0, 1;
    %split/vec4 1;
    %store/vec4 v000002509ac596a0_0, 0, 1;
    %split/vec4 1;
    %store/vec4 v000002509ac59600_0, 0, 1;
    %split/vec4 1;
    %store/vec4 v000002509ac59560_0, 0, 1;
    %split/vec4 1;
    %store/vec4 v000002509ad66b50_0, 0, 1;
    %store/vec4 v000002509ad6be30_0, 0, 1;
    %jmp T_0.11;
T_0.1 ;
    %pushi/vec4 48, 0, 7;
    %split/vec4 1;
    %store/vec4 v000002509ac53a00_0, 0, 1;
    %split/vec4 1;
    %store/vec4 v000002509ac59740_0, 0, 1;
    %split/vec4 1;
    %store/vec4 v000002509ac596a0_0, 0, 1;
    %split/vec4 1;
    %store/vec4 v000002509ac59600_0, 0, 1;
    %split/vec4 1;
    %store/vec4 v000002509ac59560_0, 0, 1;
    %split/vec4 1;
    %store/vec4 v000002509ad66b50_0, 0, 1;
    %store/vec4 v000002509ad6be30_0, 0, 1;
    %jmp T_0.11;
T_0.2 ;
    %pushi/vec4 109, 0, 7;
    %split/vec4 1;
    %store/vec4 v000002509ac53a00_0, 0, 1;
    %split/vec4 1;
    %store/vec4 v000002509ac59740_0, 0, 1;
    %split/vec4 1;
    %store/vec4 v000002509ac596a0_0, 0, 1;
    %split/vec4 1;
    %store/vec4 v000002509ac59600_0, 0, 1;
    %split/vec4 1;
    %store/vec4 v000002509ac59560_0, 0, 1;
    %split/vec4 1;
    %store/vec4 v000002509ad66b50_0, 0, 1;
    %store/vec4 v000002509ad6be30_0, 0, 1;
    %jmp T_0.11;
T_0.3 ;
    %pushi/vec4 121, 0, 7;
    %split/vec4 1;
    %store/vec4 v000002509ac53a00_0, 0, 1;
    %split/vec4 1;
    %store/vec4 v000002509ac59740_0, 0, 1;
    %split/vec4 1;
    %store/vec4 v000002509ac596a0_0, 0, 1;
    %split/vec4 1;
    %store/vec4 v000002509ac59600_0, 0, 1;
    %split/vec4 1;
    %store/vec4 v000002509ac59560_0, 0, 1;
    %split/vec4 1;
    %store/vec4 v000002509ad66b50_0, 0, 1;
    %store/vec4 v000002509ad6be30_0, 0, 1;
    %jmp T_0.11;
T_0.4 ;
    %pushi/vec4 51, 0, 7;
    %split/vec4 1;
    %store/vec4 v000002509ac53a00_0, 0, 1;
    %split/vec4 1;
    %store/vec4 v000002509ac59740_0, 0, 1;
    %split/vec4 1;
    %store/vec4 v000002509ac596a0_0, 0, 1;
    %split/vec4 1;
    %store/vec4 v000002509ac59600_0, 0, 1;
    %split/vec4 1;
    %store/vec4 v000002509ac59560_0, 0, 1;
    %split/vec4 1;
    %store/vec4 v000002509ad66b50_0, 0, 1;
    %store/vec4 v000002509ad6be30_0, 0, 1;
    %jmp T_0.11;
T_0.5 ;
    %pushi/vec4 91, 0, 7;
    %split/vec4 1;
    %store/vec4 v000002509ac53a00_0, 0, 1;
    %split/vec4 1;
    %store/vec4 v000002509ac59740_0, 0, 1;
    %split/vec4 1;
    %store/vec4 v000002509ac596a0_0, 0, 1;
    %split/vec4 1;
    %store/vec4 v000002509ac59600_0, 0, 1;
    %split/vec4 1;
    %store/vec4 v000002509ac59560_0, 0, 1;
    %split/vec4 1;
    %store/vec4 v000002509ad66b50_0, 0, 1;
    %store/vec4 v000002509ad6be30_0, 0, 1;
    %jmp T_0.11;
T_0.6 ;
    %pushi/vec4 95, 0, 7;
    %split/vec4 1;
    %store/vec4 v000002509ac53a00_0, 0, 1;
    %split/vec4 1;
    %store/vec4 v000002509ac59740_0, 0, 1;
    %split/vec4 1;
    %store/vec4 v000002509ac596a0_0, 0, 1;
    %split/vec4 1;
    %store/vec4 v000002509ac59600_0, 0, 1;
    %split/vec4 1;
    %store/vec4 v000002509ac59560_0, 0, 1;
    %split/vec4 1;
    %store/vec4 v000002509ad66b50_0, 0, 1;
    %store/vec4 v000002509ad6be30_0, 0, 1;
    %jmp T_0.11;
T_0.7 ;
    %pushi/vec4 112, 0, 7;
    %split/vec4 1;
    %store/vec4 v000002509ac53a00_0, 0, 1;
    %split/vec4 1;
    %store/vec4 v000002509ac59740_0, 0, 1;
    %split/vec4 1;
    %store/vec4 v000002509ac596a0_0, 0, 1;
    %split/vec4 1;
    %store/vec4 v000002509ac59600_0, 0, 1;
    %split/vec4 1;
    %store/vec4 v000002509ac59560_0, 0, 1;
    %split/vec4 1;
    %store/vec4 v000002509ad66b50_0, 0, 1;
    %store/vec4 v000002509ad6be30_0, 0, 1;
    %jmp T_0.11;
T_0.8 ;
    %pushi/vec4 127, 0, 7;
    %split/vec4 1;
    %store/vec4 v000002509ac53a00_0, 0, 1;
    %split/vec4 1;
    %store/vec4 v000002509ac59740_0, 0, 1;
    %split/vec4 1;
    %store/vec4 v000002509ac596a0_0, 0, 1;
    %split/vec4 1;
    %store/vec4 v000002509ac59600_0, 0, 1;
    %split/vec4 1;
    %store/vec4 v000002509ac59560_0, 0, 1;
    %split/vec4 1;
    %store/vec4 v000002509ad66b50_0, 0, 1;
    %store/vec4 v000002509ad6be30_0, 0, 1;
    %jmp T_0.11;
T_0.9 ;
    %pushi/vec4 123, 0, 7;
    %split/vec4 1;
    %store/vec4 v000002509ac53a00_0, 0, 1;
    %split/vec4 1;
    %store/vec4 v000002509ac59740_0, 0, 1;
    %split/vec4 1;
    %store/vec4 v000002509ac596a0_0, 0, 1;
    %split/vec4 1;
    %store/vec4 v000002509ac59600_0, 0, 1;
    %split/vec4 1;
    %store/vec4 v000002509ac59560_0, 0, 1;
    %split/vec4 1;
    %store/vec4 v000002509ad66b50_0, 0, 1;
    %store/vec4 v000002509ad6be30_0, 0, 1;
    %jmp T_0.11;
T_0.11 ;
    %pop/vec4 1;
    %jmp T_0;
    .thread T_0, $push;
    .scope S_000002509ad6bca0;
T_1 ;
    %vpi_call 2 8 "$dumpfile", "binary_to_sevensegment.vcd" {0 0 0};
    %vpi_call 2 9 "$dumpvars", 32'sb00000000000000000000000000000000, S_000002509ad6bca0 {0 0 0};
    %pushi/vec4 0, 0, 4;
    %store/vec4 v000002509ac53be0_0, 0, 4;
    %delay 10, 0;
    %pushi/vec4 1, 0, 4;
    %store/vec4 v000002509ac53be0_0, 0, 4;
    %delay 10, 0;
    %pushi/vec4 2, 0, 4;
    %store/vec4 v000002509ac53be0_0, 0, 4;
    %delay 10, 0;
    %pushi/vec4 3, 0, 4;
    %store/vec4 v000002509ac53be0_0, 0, 4;
    %delay 10, 0;
    %pushi/vec4 4, 0, 4;
    %store/vec4 v000002509ac53be0_0, 0, 4;
    %delay 10, 0;
    %pushi/vec4 5, 0, 4;
    %store/vec4 v000002509ac53be0_0, 0, 4;
    %delay 10, 0;
    %pushi/vec4 6, 0, 4;
    %store/vec4 v000002509ac53be0_0, 0, 4;
    %delay 10, 0;
    %pushi/vec4 7, 0, 4;
    %store/vec4 v000002509ac53be0_0, 0, 4;
    %delay 10, 0;
    %pushi/vec4 8, 0, 4;
    %store/vec4 v000002509ac53be0_0, 0, 4;
    %delay 10, 0;
    %pushi/vec4 9, 0, 4;
    %store/vec4 v000002509ac53be0_0, 0, 4;
    %delay 10, 0;
    %pushi/vec4 10, 0, 4;
    %store/vec4 v000002509ac53be0_0, 0, 4;
    %delay 10, 0;
    %vpi_call 2 22 "$finish" {0 0 0};
    %end;
    .thread T_1;
# The file index is used to find the file name in the following table.
:file_names 4;
    "N/A";
    "<interactive>";
    "binary_to_sevensegment_tb.v";
    "./binary_to_sevensegment.v";
