#! /c/Source/iverilog-install/bin/vvp
:ivl_version "12.0 (devel)" "(s20150603-1539-g2693dd32b)";
:ivl_delay_selection "TYPICAL";
:vpi_time_precision + 0;
:vpi_module "C:\iverilog\lib\ivl\system.vpi";
:vpi_module "C:\iverilog\lib\ivl\vhdl_sys.vpi";
:vpi_module "C:\iverilog\lib\ivl\vhdl_textio.vpi";
:vpi_module "C:\iverilog\lib\ivl\v2005_math.vpi";
:vpi_module "C:\iverilog\lib\ivl\va_math.vpi";
S_000001f91520ad70 .scope module, "binary_to_gray_tb" "binary_to_gray_tb" 2 2;
 .timescale 0 0;
v000001f9150d2d60_0 .var "bin", 3 0;
v000001f9150d3620_0 .net "gray", 3 0, L_000001f9150d2720;  1 drivers
S_000001f9150d5fc0 .scope module, "uut" "binary_to_gray" 2 5, 3 1 0, S_000001f91520ad70;
 .timescale 0 0;
    .port_info 0 /INPUT 4 "bin";
    .port_info 1 /OUTPUT 4 "gray";
L_000001f9150d91a0 .functor XOR 1, L_000001f9150d2b80, L_000001f9150d27c0, C4<0>, C4<0>;
L_000001f9150d9280 .functor XOR 1, L_000001f9150d3120, L_000001f9150d2c20, C4<0>, C4<0>;
L_000001f9150d92f0 .functor XOR 1, L_000001f9150d2860, L_000001f9150d2900, C4<0>, C4<0>;
v000001f91520af00_0 .net *"_ivl_10", 0 0, L_000001f9150d91a0;  1 drivers
v000001f915206e70_0 .net *"_ivl_15", 0 0, L_000001f9150d3120;  1 drivers
v000001f9152090a0_0 .net *"_ivl_17", 0 0, L_000001f9150d2c20;  1 drivers
v000001f915208600_0 .net *"_ivl_18", 0 0, L_000001f9150d9280;  1 drivers
v000001f9150d6150_0 .net *"_ivl_24", 0 0, L_000001f9150d2860;  1 drivers
v000001f9150d34e0_0 .net *"_ivl_26", 0 0, L_000001f9150d2900;  1 drivers
v000001f9150d2cc0_0 .net *"_ivl_27", 0 0, L_000001f9150d92f0;  1 drivers
v000001f9150d3580_0 .net *"_ivl_3", 0 0, L_000001f9150d29a0;  1 drivers
v000001f9150d3080_0 .net *"_ivl_7", 0 0, L_000001f9150d2b80;  1 drivers
v000001f9150d2ae0_0 .net *"_ivl_9", 0 0, L_000001f9150d27c0;  1 drivers
v000001f9150d3300_0 .net "bin", 3 0, v000001f9150d2d60_0;  1 drivers
v000001f9150d2f40_0 .net "gray", 3 0, L_000001f9150d2720;  alias, 1 drivers
L_000001f9150d29a0 .part v000001f9150d2d60_0, 3, 1;
L_000001f9150d2b80 .part v000001f9150d2d60_0, 3, 1;
L_000001f9150d27c0 .part v000001f9150d2d60_0, 2, 1;
L_000001f9150d3120 .part v000001f9150d2d60_0, 2, 1;
L_000001f9150d2c20 .part v000001f9150d2d60_0, 1, 1;
L_000001f9150d2720 .concat8 [ 1 1 1 1], L_000001f9150d92f0, L_000001f9150d9280, L_000001f9150d91a0, L_000001f9150d29a0;
L_000001f9150d2860 .part v000001f9150d2d60_0, 1, 1;
L_000001f9150d2900 .part v000001f9150d2d60_0, 0, 1;
    .scope S_000001f91520ad70;
T_0 ;
    %vpi_call 2 7 "$dumpfile", "binary_to_gray.vcd" {0 0 0};
    %vpi_call 2 8 "$dumpvars", 32'sb00000000000000000000000000000000, S_000001f91520ad70 {0 0 0};
    %pushi/vec4 0, 0, 4;
    %store/vec4 v000001f9150d2d60_0, 0, 4;
    %delay 10, 0;
    %pushi/vec4 1, 0, 4;
    %store/vec4 v000001f9150d2d60_0, 0, 4;
    %delay 10, 0;
    %pushi/vec4 2, 0, 4;
    %store/vec4 v000001f9150d2d60_0, 0, 4;
    %delay 10, 0;
    %pushi/vec4 3, 0, 4;
    %store/vec4 v000001f9150d2d60_0, 0, 4;
    %delay 10, 0;
    %pushi/vec4 4, 0, 4;
    %store/vec4 v000001f9150d2d60_0, 0, 4;
    %delay 10, 0;
    %pushi/vec4 5, 0, 4;
    %store/vec4 v000001f9150d2d60_0, 0, 4;
    %delay 10, 0;
    %pushi/vec4 6, 0, 4;
    %store/vec4 v000001f9150d2d60_0, 0, 4;
    %delay 10, 0;
    %pushi/vec4 7, 0, 4;
    %store/vec4 v000001f9150d2d60_0, 0, 4;
    %delay 10, 0;
    %pushi/vec4 8, 0, 4;
    %store/vec4 v000001f9150d2d60_0, 0, 4;
    %delay 10, 0;
    %pushi/vec4 9, 0, 4;
    %store/vec4 v000001f9150d2d60_0, 0, 4;
    %delay 10, 0;
    %pushi/vec4 10, 0, 4;
    %store/vec4 v000001f9150d2d60_0, 0, 4;
    %delay 10, 0;
    %pushi/vec4 11, 0, 4;
    %store/vec4 v000001f9150d2d60_0, 0, 4;
    %delay 10, 0;
    %pushi/vec4 12, 0, 4;
    %store/vec4 v000001f9150d2d60_0, 0, 4;
    %delay 10, 0;
    %pushi/vec4 13, 0, 4;
    %store/vec4 v000001f9150d2d60_0, 0, 4;
    %delay 10, 0;
    %pushi/vec4 14, 0, 4;
    %store/vec4 v000001f9150d2d60_0, 0, 4;
    %delay 10, 0;
    %pushi/vec4 15, 0, 4;
    %store/vec4 v000001f9150d2d60_0, 0, 4;
    %delay 10, 0;
    %vpi_call 2 26 "$finish" {0 0 0};
    %end;
    .thread T_0;
# The file index is used to find the file name in the following table.
:file_names 4;
    "N/A";
    "<interactive>";
    "binary_to_gray_tb.v";
    "./binary_to_gray.v";
