#! /c/Source/iverilog-install/bin/vvp
:ivl_version "12.0 (devel)" "(s20150603-1539-g2693dd32b)";
:ivl_delay_selection "TYPICAL";
:vpi_time_precision + 0;
:vpi_module "C:\iverilog\lib\ivl\system.vpi";
:vpi_module "C:\iverilog\lib\ivl\vhdl_sys.vpi";
:vpi_module "C:\iverilog\lib\ivl\vhdl_textio.vpi";
:vpi_module "C:\iverilog\lib\ivl\v2005_math.vpi";
:vpi_module "C:\iverilog\lib\ivl\va_math.vpi";
S_0000020c8d516bc0 .scope module, "logic_gates" "logic_gates" 2 1;
 .timescale 0 0;
    .port_info 0 /INPUT 1 "a";
    .port_info 1 /INPUT 1 "b";
    .port_info 2 /OUTPUT 1 "and_out";
    .port_info 3 /OUTPUT 1 "or_out";
    .port_info 4 /OUTPUT 1 "nand_out";
    .port_info 5 /OUTPUT 1 "nor_out";
    .port_info 6 /OUTPUT 1 "notb_out";
    .port_info 7 /OUTPUT 1 "xor_out";
    .port_info 8 /OUTPUT 1 "xnor_out";
o0000020c8d3d6fd8 .functor BUFZ 1, C4<z>; HiZ drive
o0000020c8d3d7038 .functor BUFZ 1, C4<z>; HiZ drive
L_0000020c8d51ef50 .functor AND 1, o0000020c8d3d6fd8, o0000020c8d3d7038, C4<1>, C4<1>;
L_0000020c8d51ba10 .functor OR 1, o0000020c8d3d6fd8, o0000020c8d3d7038, C4<0>, C4<0>;
L_0000020c8d51ba80 .functor NAND 1, o0000020c8d3d6fd8, o0000020c8d3d7038, C4<1>, C4<1>;
L_0000020c8d51baf0 .functor NOR 1, o0000020c8d3d6fd8, o0000020c8d3d7038, C4<0>, C4<0>;
L_0000020c8d51bc80 .functor NOT 1, o0000020c8d3d7038, C4<0>, C4<0>, C4<0>;
L_0000020c8d51bcf0 .functor XOR 1, o0000020c8d3d6fd8, o0000020c8d3d7038, C4<0>, C4<0>;
L_0000020c8d51bd60 .functor XNOR 1, o0000020c8d3d6fd8, o0000020c8d3d7038, C4<0>, C4<0>;
v0000020c8d516df0_0 .net "a", 0 0, o0000020c8d3d6fd8;  0 drivers
v0000020c8d516e90_0 .net "and_out", 0 0, L_0000020c8d51ef50;  1 drivers
v0000020c8d51ecd0_0 .net "b", 0 0, o0000020c8d3d7038;  0 drivers
v0000020c8d51ed70_0 .net "nand_out", 0 0, L_0000020c8d51ba80;  1 drivers
v0000020c8d51ee10_0 .net "nor_out", 0 0, L_0000020c8d51baf0;  1 drivers
v0000020c8d51eeb0_0 .net "notb_out", 0 0, L_0000020c8d51bc80;  1 drivers
v0000020c8d51b840_0 .net "or_out", 0 0, L_0000020c8d51ba10;  1 drivers
v0000020c8d51b8e0_0 .net "xnor_out", 0 0, L_0000020c8d51bd60;  1 drivers
v0000020c8d3d1080_0 .net "xor_out", 0 0, L_0000020c8d51bcf0;  1 drivers
# The file index is used to find the file name in the following table.
:file_names 3;
    "N/A";
    "<interactive>";
    "logic_gates.v";
