#! /c/Source/iverilog-install/bin/vvp
:ivl_version "12.0 (devel)" "(s20150603-1539-g2693dd32b)";
:ivl_delay_selection "TYPICAL";
:vpi_time_precision + 0;
:vpi_module "C:\iverilog\lib\ivl\system.vpi";
:vpi_module "C:\iverilog\lib\ivl\vhdl_sys.vpi";
:vpi_module "C:\iverilog\lib\ivl\vhdl_textio.vpi";
:vpi_module "C:\iverilog\lib\ivl\v2005_math.vpi";
:vpi_module "C:\iverilog\lib\ivl\va_math.vpi";
S_00000295a9736910 .scope module, "encoder8_3_tb" "encoder8_3_tb" 2 2;
 .timescale 0 0;
v00000295a9736c30_0 .var "in", 7 0;
v00000295a9736cd0_0 .net "out", 2 0, v00000295a98d6f00_0;  1 drivers
S_00000295a9736aa0 .scope module, "uut" "encoder8_3" 2 5, 3 1 0, S_00000295a9736910;
 .timescale 0 0;
    .port_info 0 /INPUT 8 "in";
    .port_info 1 /OUTPUT 3 "out";
v00000295a98db380_0 .net "in", 7 0, v00000295a9736c30_0;  1 drivers
v00000295a98d6f00_0 .var "out", 2 0;
E_00000295a98da750 .event anyedge, v00000295a98db380_0;
    .scope S_00000295a9736aa0;
T_0 ;
    %wait E_00000295a98da750;
    %pushi/vec4 0, 0, 3;
    %store/vec4 v00000295a98d6f00_0, 0, 3;
    %load/vec4 v00000295a98db380_0;
    %dup/vec4;
    %pushi/vec4 0, 0, 8;
    %cmp/u;
    %jmp/1 T_0.0, 6;
    %dup/vec4;
    %pushi/vec4 1, 0, 8;
    %cmp/u;
    %jmp/1 T_0.1, 6;
    %dup/vec4;
    %pushi/vec4 2, 0, 8;
    %cmp/u;
    %jmp/1 T_0.2, 6;
    %dup/vec4;
    %pushi/vec4 4, 0, 8;
    %cmp/u;
    %jmp/1 T_0.3, 6;
    %dup/vec4;
    %pushi/vec4 8, 0, 8;
    %cmp/u;
    %jmp/1 T_0.4, 6;
    %dup/vec4;
    %pushi/vec4 16, 0, 8;
    %cmp/u;
    %jmp/1 T_0.5, 6;
    %dup/vec4;
    %pushi/vec4 32, 0, 8;
    %cmp/u;
    %jmp/1 T_0.6, 6;
    %dup/vec4;
    %pushi/vec4 64, 0, 8;
    %cmp/u;
    %jmp/1 T_0.7, 6;
    %dup/vec4;
    %pushi/vec4 128, 0, 8;
    %cmp/u;
    %jmp/1 T_0.8, 6;
    %pushi/vec4 0, 0, 3;
    %store/vec4 v00000295a98d6f00_0, 0, 3;
    %jmp T_0.10;
T_0.0 ;
    %pushi/vec4 0, 0, 3;
    %store/vec4 v00000295a98d6f00_0, 0, 3;
    %jmp T_0.10;
T_0.1 ;
    %pushi/vec4 0, 0, 3;
    %store/vec4 v00000295a98d6f00_0, 0, 3;
    %jmp T_0.10;
T_0.2 ;
    %pushi/vec4 1, 0, 3;
    %store/vec4 v00000295a98d6f00_0, 0, 3;
    %jmp T_0.10;
T_0.3 ;
    %pushi/vec4 2, 0, 3;
    %store/vec4 v00000295a98d6f00_0, 0, 3;
    %jmp T_0.10;
T_0.4 ;
    %pushi/vec4 3, 0, 3;
    %store/vec4 v00000295a98d6f00_0, 0, 3;
    %jmp T_0.10;
T_0.5 ;
    %pushi/vec4 4, 0, 3;
    %store/vec4 v00000295a98d6f00_0, 0, 3;
    %jmp T_0.10;
T_0.6 ;
    %pushi/vec4 5, 0, 3;
    %store/vec4 v00000295a98d6f00_0, 0, 3;
    %jmp T_0.10;
T_0.7 ;
    %pushi/vec4 6, 0, 3;
    %store/vec4 v00000295a98d6f00_0, 0, 3;
    %jmp T_0.10;
T_0.8 ;
    %pushi/vec4 7, 0, 3;
    %store/vec4 v00000295a98d6f00_0, 0, 3;
    %jmp T_0.10;
T_0.10 ;
    %pop/vec4 1;
    %jmp T_0;
    .thread T_0, $push;
    .scope S_00000295a9736910;
T_1 ;
    %vpi_call 2 8 "$dumpfile", "encoder8_3.vcd" {0 0 0};
    %vpi_call 2 9 "$dumpvars", 32'sb00000000000000000000000000000000, S_00000295a9736910 {0 0 0};
    %pushi/vec4 1, 0, 8;
    %store/vec4 v00000295a9736c30_0, 0, 8;
    %delay 10, 0;
    %pushi/vec4 2, 0, 8;
    %store/vec4 v00000295a9736c30_0, 0, 8;
    %delay 10, 0;
    %pushi/vec4 4, 0, 8;
    %store/vec4 v00000295a9736c30_0, 0, 8;
    %delay 10, 0;
    %pushi/vec4 8, 0, 8;
    %store/vec4 v00000295a9736c30_0, 0, 8;
    %delay 10, 0;
    %pushi/vec4 16, 0, 8;
    %store/vec4 v00000295a9736c30_0, 0, 8;
    %delay 10, 0;
    %pushi/vec4 32, 0, 8;
    %store/vec4 v00000295a9736c30_0, 0, 8;
    %delay 10, 0;
    %pushi/vec4 64, 0, 8;
    %store/vec4 v00000295a9736c30_0, 0, 8;
    %delay 10, 0;
    %pushi/vec4 128, 0, 8;
    %store/vec4 v00000295a9736c30_0, 0, 8;
    %delay 10, 0;
    %vpi_call 2 18 "$finish" {0 0 0};
    %end;
    .thread T_1;
# The file index is used to find the file name in the following table.
:file_names 4;
    "N/A";
    "<interactive>";
    "encoder8_3_tb.v";
    "./encoder8_3.v";
