#! /c/Source/iverilog-install/bin/vvp
:ivl_version "12.0 (devel)" "(s20150603-1539-g2693dd32b)";
:ivl_delay_selection "TYPICAL";
:vpi_time_precision + 0;
:vpi_module "C:\iverilog\lib\ivl\system.vpi";
:vpi_module "C:\iverilog\lib\ivl\vhdl_sys.vpi";
:vpi_module "C:\iverilog\lib\ivl\vhdl_textio.vpi";
:vpi_module "C:\iverilog\lib\ivl\v2005_math.vpi";
:vpi_module "C:\iverilog\lib\ivl\va_math.vpi";
S_00000215cb17ed30 .scope module, "encoder8_3" "encoder8_3" 2 1;
 .timescale 0 0;
    .port_info 0 /INPUT 8 "in";
    .port_info 1 /OUTPUT 3 "out";
o00000215cb066fd8 .functor BUFZ 8, C4<zzzzzzzz>; HiZ drive
v00000215cb17eec0_0 .net "in", 7 0, o00000215cb066fd8;  0 drivers
v00000215cb176ec0_0 .var "out", 2 0;
E_00000215cb17ccb0 .event anyedge, v00000215cb17eec0_0;
    .scope S_00000215cb17ed30;
T_0 ;
    %wait E_00000215cb17ccb0;
    %pushi/vec4 0, 0, 3;
    %store/vec4 v00000215cb176ec0_0, 0, 3;
    %load/vec4 v00000215cb17eec0_0;
    %dup/vec4;
    %pushi/vec4 0, 0, 8;
    %cmp/u;
    %jmp/1 T_0.0, 6;
    %dup/vec4;
    %pushi/vec4 1, 0, 8;
    %cmp/u;
    %jmp/1 T_0.1, 6;
    %dup/vec4;
    %pushi/vec4 2, 0, 8;
    %cmp/u;
    %jmp/1 T_0.2, 6;
    %dup/vec4;
    %pushi/vec4 4, 0, 8;
    %cmp/u;
    %jmp/1 T_0.3, 6;
    %dup/vec4;
    %pushi/vec4 8, 0, 8;
    %cmp/u;
    %jmp/1 T_0.4, 6;
    %dup/vec4;
    %pushi/vec4 16, 0, 8;
    %cmp/u;
    %jmp/1 T_0.5, 6;
    %dup/vec4;
    %pushi/vec4 32, 0, 8;
    %cmp/u;
    %jmp/1 T_0.6, 6;
    %dup/vec4;
    %pushi/vec4 64, 0, 8;
    %cmp/u;
    %jmp/1 T_0.7, 6;
    %dup/vec4;
    %pushi/vec4 128, 0, 8;
    %cmp/u;
    %jmp/1 T_0.8, 6;
    %pushi/vec4 0, 0, 3;
    %store/vec4 v00000215cb176ec0_0, 0, 3;
    %jmp T_0.10;
T_0.0 ;
    %pushi/vec4 0, 0, 3;
    %store/vec4 v00000215cb176ec0_0, 0, 3;
    %jmp T_0.10;
T_0.1 ;
    %pushi/vec4 0, 0, 3;
    %store/vec4 v00000215cb176ec0_0, 0, 3;
    %jmp T_0.10;
T_0.2 ;
    %pushi/vec4 1, 0, 3;
    %store/vec4 v00000215cb176ec0_0, 0, 3;
    %jmp T_0.10;
T_0.3 ;
    %pushi/vec4 2, 0, 3;
    %store/vec4 v00000215cb176ec0_0, 0, 3;
    %jmp T_0.10;
T_0.4 ;
    %pushi/vec4 3, 0, 3;
    %store/vec4 v00000215cb176ec0_0, 0, 3;
    %jmp T_0.10;
T_0.5 ;
    %pushi/vec4 4, 0, 3;
    %store/vec4 v00000215cb176ec0_0, 0, 3;
    %jmp T_0.10;
T_0.6 ;
    %pushi/vec4 5, 0, 3;
    %store/vec4 v00000215cb176ec0_0, 0, 3;
    %jmp T_0.10;
T_0.7 ;
    %pushi/vec4 6, 0, 3;
    %store/vec4 v00000215cb176ec0_0, 0, 3;
    %jmp T_0.10;
T_0.8 ;
    %pushi/vec4 7, 0, 3;
    %store/vec4 v00000215cb176ec0_0, 0, 3;
    %jmp T_0.10;
T_0.10 ;
    %pop/vec4 1;
    %jmp T_0;
    .thread T_0, $push;
# The file index is used to find the file name in the following table.
:file_names 3;
    "N/A";
    "<interactive>";
    "encoder8_3.v";
