#! /c/Source/iverilog-install/bin/vvp
:ivl_version "12.0 (devel)" "(s20150603-1539-g2693dd32b)";
:ivl_delay_selection "TYPICAL";
:vpi_time_precision + 0;
:vpi_module "C:\iverilog\lib\ivl\system.vpi";
:vpi_module "C:\iverilog\lib\ivl\vhdl_sys.vpi";
:vpi_module "C:\iverilog\lib\ivl\vhdl_textio.vpi";
:vpi_module "C:\iverilog\lib\ivl\v2005_math.vpi";
:vpi_module "C:\iverilog\lib\ivl\va_math.vpi";
S_000001db06a3b7f0 .scope module, "even_parity_generator_tb" "even_parity_generator_tb" 2 2;
 .timescale 0 0;
v000001db06a36b20_0 .var "in", 3 0;
v000001db06961f70_0 .net "p", 0 0, L_000001db06917560;  1 drivers
S_000001db06a3b980 .scope module, "uut" "even_parity_generator" 2 5, 3 1 0, S_000001db06a3b7f0;
 .timescale 0 0;
    .port_info 0 /INPUT 4 "in";
    .port_info 1 /OUTPUT 1 "p";
L_000001db069173a0 .functor XOR 1, L_000001db069612f0, L_000001db06961570, C4<0>, C4<0>;
L_000001db06917250 .functor XOR 1, L_000001db069173a0, L_000001db06961b10, C4<0>, C4<0>;
L_000001db06917560 .functor XOR 1, L_000001db06917250, L_000001db06961070, C4<0>, C4<0>;
v000001db06a3be50_0 .net *"_ivl_1", 0 0, L_000001db069612f0;  1 drivers
v000001db06a3bef0_0 .net *"_ivl_11", 0 0, L_000001db06961070;  1 drivers
v000001db069142b0_0 .net *"_ivl_3", 0 0, L_000001db06961570;  1 drivers
v000001db06914350_0 .net *"_ivl_4", 0 0, L_000001db069173a0;  1 drivers
v000001db069143f0_0 .net *"_ivl_7", 0 0, L_000001db06961b10;  1 drivers
v000001db06914490_0 .net *"_ivl_8", 0 0, L_000001db06917250;  1 drivers
v000001db06914530_0 .net "in", 3 0, v000001db06a36b20_0;  1 drivers
v000001db06a36a80_0 .net "p", 0 0, L_000001db06917560;  alias, 1 drivers
L_000001db069612f0 .part v000001db06a36b20_0, 3, 1;
L_000001db06961570 .part v000001db06a36b20_0, 2, 1;
L_000001db06961b10 .part v000001db06a36b20_0, 1, 1;
L_000001db06961070 .part v000001db06a36b20_0, 0, 1;
    .scope S_000001db06a3b7f0;
T_0 ;
    %vpi_call 2 7 "$dumpfile", "even_parity_generator.vcd" {0 0 0};
    %vpi_call 2 8 "$dumpvars", 32'sb00000000000000000000000000000000, S_000001db06a3b7f0 {0 0 0};
    %pushi/vec4 0, 0, 4;
    %store/vec4 v000001db06a36b20_0, 0, 4;
    %delay 10, 0;
    %pushi/vec4 1, 0, 4;
    %store/vec4 v000001db06a36b20_0, 0, 4;
    %delay 10, 0;
    %pushi/vec4 2, 0, 4;
    %store/vec4 v000001db06a36b20_0, 0, 4;
    %delay 10, 0;
    %pushi/vec4 3, 0, 4;
    %store/vec4 v000001db06a36b20_0, 0, 4;
    %delay 10, 0;
    %pushi/vec4 4, 0, 4;
    %store/vec4 v000001db06a36b20_0, 0, 4;
    %delay 10, 0;
    %pushi/vec4 5, 0, 4;
    %store/vec4 v000001db06a36b20_0, 0, 4;
    %delay 10, 0;
    %pushi/vec4 6, 0, 4;
    %store/vec4 v000001db06a36b20_0, 0, 4;
    %delay 10, 0;
    %pushi/vec4 7, 0, 4;
    %store/vec4 v000001db06a36b20_0, 0, 4;
    %delay 10, 0;
    %pushi/vec4 8, 0, 4;
    %store/vec4 v000001db06a36b20_0, 0, 4;
    %delay 10, 0;
    %pushi/vec4 9, 0, 4;
    %store/vec4 v000001db06a36b20_0, 0, 4;
    %delay 10, 0;
    %pushi/vec4 10, 0, 4;
    %store/vec4 v000001db06a36b20_0, 0, 4;
    %delay 10, 0;
    %pushi/vec4 11, 0, 4;
    %store/vec4 v000001db06a36b20_0, 0, 4;
    %delay 10, 0;
    %pushi/vec4 12, 0, 4;
    %store/vec4 v000001db06a36b20_0, 0, 4;
    %delay 10, 0;
    %pushi/vec4 13, 0, 4;
    %store/vec4 v000001db06a36b20_0, 0, 4;
    %delay 10, 0;
    %pushi/vec4 14, 0, 4;
    %store/vec4 v000001db06a36b20_0, 0, 4;
    %delay 10, 0;
    %pushi/vec4 15, 0, 4;
    %store/vec4 v000001db06a36b20_0, 0, 4;
    %delay 10, 0;
    %vpi_call 2 25 "$finish" {0 0 0};
    %end;
    .thread T_0;
# The file index is used to find the file name in the following table.
:file_names 4;
    "N/A";
    "<interactive>";
    "even_parity_generator_tb.v";
    "./even_parity_generator.v";
