#! /c/Source/iverilog-install/bin/vvp
:ivl_version "12.0 (devel)" "(s20150603-1539-g2693dd32b)";
:ivl_delay_selection "TYPICAL";
:vpi_time_precision + 0;
:vpi_module "C:\iverilog\lib\ivl\system.vpi";
:vpi_module "C:\iverilog\lib\ivl\vhdl_sys.vpi";
:vpi_module "C:\iverilog\lib\ivl\vhdl_textio.vpi";
:vpi_module "C:\iverilog\lib\ivl\v2005_math.vpi";
:vpi_module "C:\iverilog\lib\ivl\va_math.vpi";
S_000001edf4de6a40 .scope module, "even_parity_generator" "even_parity_generator" 2 1;
 .timescale 0 0;
    .port_info 0 /INPUT 4 "in";
    .port_info 1 /OUTPUT 1 "p";
L_000001edf4de7310 .functor XOR 1, L_000001edf4dedab0, L_000001edf4dedb50, C4<0>, C4<0>;
L_000001edf4de71a0 .functor XOR 1, L_000001edf4de7310, L_000001edf4dee960, C4<0>, C4<0>;
L_000001edf4deec90 .functor XOR 1, L_000001edf4de71a0, L_000001edf4deea00, C4<0>, C4<0>;
v000001edf4de6bd0_0 .net *"_ivl_1", 0 0, L_000001edf4dedab0;  1 drivers
v000001edf4de6c70_0 .net *"_ivl_11", 0 0, L_000001edf4deea00;  1 drivers
v000001edf4de6d10_0 .net *"_ivl_3", 0 0, L_000001edf4dedb50;  1 drivers
v000001edf4de6db0_0 .net *"_ivl_4", 0 0, L_000001edf4de7310;  1 drivers
v000001edf4de6e50_0 .net *"_ivl_7", 0 0, L_000001edf4dee960;  1 drivers
v000001edf4ded8d0_0 .net *"_ivl_8", 0 0, L_000001edf4de71a0;  1 drivers
o000001edf4c570f8 .functor BUFZ 4, C4<zzzz>; HiZ drive
v000001edf4ded970_0 .net "in", 3 0, o000001edf4c570f8;  0 drivers
v000001edf4deda10_0 .net "p", 0 0, L_000001edf4deec90;  1 drivers
L_000001edf4dedab0 .part o000001edf4c570f8, 3, 1;
L_000001edf4dedb50 .part o000001edf4c570f8, 2, 1;
L_000001edf4dee960 .part o000001edf4c570f8, 1, 1;
L_000001edf4deea00 .part o000001edf4c570f8, 0, 1;
# The file index is used to find the file name in the following table.
:file_names 3;
    "N/A";
    "<interactive>";
    "even_parity_generator.v";
