#! /c/Source/iverilog-install/bin/vvp
:ivl_version "12.0 (devel)" "(s20150603-1539-g2693dd32b)";
:ivl_delay_selection "TYPICAL";
:vpi_time_precision + 0;
:vpi_module "C:\iverilog\lib\ivl\system.vpi";
:vpi_module "C:\iverilog\lib\ivl\vhdl_sys.vpi";
:vpi_module "C:\iverilog\lib\ivl\vhdl_textio.vpi";
:vpi_module "C:\iverilog\lib\ivl\v2005_math.vpi";
:vpi_module "C:\iverilog\lib\ivl\va_math.vpi";
S_0000027d2fba6c90 .scope module, "demux1_8" "demux1_8" 2 1;
 .timescale 0 0;
    .port_info 0 /OUTPUT 8 "out";
    .port_info 1 /INPUT 3 "sel";
    .port_info 2 /INPUT 1 "in";
o0000027d2fbf6fb8 .functor BUFZ 1, C4<z>; HiZ drive
v0000027d2fbaef20_0 .net "in", 0 0, o0000027d2fbf6fb8;  0 drivers
v0000027d2fba6e20_0 .var "out", 7 0;
o0000027d2fbf7018 .functor BUFZ 3, C4<zzz>; HiZ drive
v0000027d2fba6ec0_0 .net "sel", 2 0, o0000027d2fbf7018;  0 drivers
E_0000027d2fbacd70 .event anyedge, v0000027d2fba6ec0_0, v0000027d2fbaef20_0;
    .scope S_0000027d2fba6c90;
T_0 ;
    %wait E_0000027d2fbacd70;
    %pushi/vec4 0, 0, 8;
    %store/vec4 v0000027d2fba6e20_0, 0, 8;
    %load/vec4 v0000027d2fba6ec0_0;
    %dup/vec4;
    %pushi/vec4 0, 0, 3;
    %cmp/u;
    %jmp/1 T_0.0, 6;
    %dup/vec4;
    %pushi/vec4 1, 0, 3;
    %cmp/u;
    %jmp/1 T_0.1, 6;
    %dup/vec4;
    %pushi/vec4 2, 0, 3;
    %cmp/u;
    %jmp/1 T_0.2, 6;
    %dup/vec4;
    %pushi/vec4 3, 0, 3;
    %cmp/u;
    %jmp/1 T_0.3, 6;
    %dup/vec4;
    %pushi/vec4 4, 0, 3;
    %cmp/u;
    %jmp/1 T_0.4, 6;
    %dup/vec4;
    %pushi/vec4 5, 0, 3;
    %cmp/u;
    %jmp/1 T_0.5, 6;
    %dup/vec4;
    %pushi/vec4 6, 0, 3;
    %cmp/u;
    %jmp/1 T_0.6, 6;
    %dup/vec4;
    %pushi/vec4 7, 0, 3;
    %cmp/u;
    %jmp/1 T_0.7, 6;
    %pushi/vec4 0, 0, 8;
    %store/vec4 v0000027d2fba6e20_0, 0, 8;
    %jmp T_0.9;
T_0.0 ;
    %load/vec4 v0000027d2fbaef20_0;
    %ix/load 4, 0, 0;
    %flag_set/imm 4, 0;
    %store/vec4 v0000027d2fba6e20_0, 4, 1;
    %jmp T_0.9;
T_0.1 ;
    %load/vec4 v0000027d2fbaef20_0;
    %ix/load 4, 1, 0;
    %flag_set/imm 4, 0;
    %store/vec4 v0000027d2fba6e20_0, 4, 1;
    %jmp T_0.9;
T_0.2 ;
    %load/vec4 v0000027d2fbaef20_0;
    %ix/load 4, 2, 0;
    %flag_set/imm 4, 0;
    %store/vec4 v0000027d2fba6e20_0, 4, 1;
    %jmp T_0.9;
T_0.3 ;
    %load/vec4 v0000027d2fbaef20_0;
    %ix/load 4, 3, 0;
    %flag_set/imm 4, 0;
    %store/vec4 v0000027d2fba6e20_0, 4, 1;
    %jmp T_0.9;
T_0.4 ;
    %load/vec4 v0000027d2fbaef20_0;
    %ix/load 4, 4, 0;
    %flag_set/imm 4, 0;
    %store/vec4 v0000027d2fba6e20_0, 4, 1;
    %jmp T_0.9;
T_0.5 ;
    %load/vec4 v0000027d2fbaef20_0;
    %ix/load 4, 5, 0;
    %flag_set/imm 4, 0;
    %store/vec4 v0000027d2fba6e20_0, 4, 1;
    %jmp T_0.9;
T_0.6 ;
    %load/vec4 v0000027d2fbaef20_0;
    %ix/load 4, 6, 0;
    %flag_set/imm 4, 0;
    %store/vec4 v0000027d2fba6e20_0, 4, 1;
    %jmp T_0.9;
T_0.7 ;
    %load/vec4 v0000027d2fbaef20_0;
    %ix/load 4, 7, 0;
    %flag_set/imm 4, 0;
    %store/vec4 v0000027d2fba6e20_0, 4, 1;
    %jmp T_0.9;
T_0.9 ;
    %pop/vec4 1;
    %jmp T_0;
    .thread T_0, $push;
# The file index is used to find the file name in the following table.
:file_names 3;
    "N/A";
    "<interactive>";
    "demux1_8.v";
