#! /c/Source/iverilog-install/bin/vvp
:ivl_version "12.0 (devel)" "(s20150603-1539-g2693dd32b)";
:ivl_delay_selection "TYPICAL";
:vpi_time_precision + 0;
:vpi_module "C:\iverilog\lib\ivl\system.vpi";
:vpi_module "C:\iverilog\lib\ivl\vhdl_sys.vpi";
:vpi_module "C:\iverilog\lib\ivl\vhdl_textio.vpi";
:vpi_module "C:\iverilog\lib\ivl\v2005_math.vpi";
:vpi_module "C:\iverilog\lib\ivl\va_math.vpi";
S_0000021fcda4d2c0 .scope module, "demux1_8_tb" "demux1_8_tb" 2 2;
 .timescale 0 0;
v0000021fcda4baa0_0 .var "in", 0 0;
v0000021fcda4bb40_0 .net "out", 7 0, v0000021fcda46fc0_0;  1 drivers
v0000021fcda4bbe0_0 .var "sel", 2 0;
S_0000021fcda4d450 .scope module, "uut" "demux1_8" 2 6, 3 1 0, S_0000021fcda4d2c0;
 .timescale 0 0;
    .port_info 0 /OUTPUT 8 "out";
    .port_info 1 /INPUT 3 "sel";
    .port_info 2 /INPUT 1 "in";
v0000021fcda4d5e0_0 .net "in", 0 0, v0000021fcda4baa0_0;  1 drivers
v0000021fcda46fc0_0 .var "out", 7 0;
v0000021fcda4d680_0 .net "sel", 2 0, v0000021fcda4bbe0_0;  1 drivers
E_0000021fcd8c95f0 .event anyedge, v0000021fcda4d680_0, v0000021fcda4d5e0_0;
    .scope S_0000021fcda4d450;
T_0 ;
    %wait E_0000021fcd8c95f0;
    %pushi/vec4 0, 0, 8;
    %store/vec4 v0000021fcda46fc0_0, 0, 8;
    %load/vec4 v0000021fcda4d680_0;
    %dup/vec4;
    %pushi/vec4 0, 0, 3;
    %cmp/u;
    %jmp/1 T_0.0, 6;
    %dup/vec4;
    %pushi/vec4 1, 0, 3;
    %cmp/u;
    %jmp/1 T_0.1, 6;
    %dup/vec4;
    %pushi/vec4 2, 0, 3;
    %cmp/u;
    %jmp/1 T_0.2, 6;
    %dup/vec4;
    %pushi/vec4 3, 0, 3;
    %cmp/u;
    %jmp/1 T_0.3, 6;
    %dup/vec4;
    %pushi/vec4 4, 0, 3;
    %cmp/u;
    %jmp/1 T_0.4, 6;
    %dup/vec4;
    %pushi/vec4 5, 0, 3;
    %cmp/u;
    %jmp/1 T_0.5, 6;
    %dup/vec4;
    %pushi/vec4 6, 0, 3;
    %cmp/u;
    %jmp/1 T_0.6, 6;
    %dup/vec4;
    %pushi/vec4 7, 0, 3;
    %cmp/u;
    %jmp/1 T_0.7, 6;
    %pushi/vec4 0, 0, 8;
    %store/vec4 v0000021fcda46fc0_0, 0, 8;
    %jmp T_0.9;
T_0.0 ;
    %load/vec4 v0000021fcda4d5e0_0;
    %ix/load 4, 0, 0;
    %flag_set/imm 4, 0;
    %store/vec4 v0000021fcda46fc0_0, 4, 1;
    %jmp T_0.9;
T_0.1 ;
    %load/vec4 v0000021fcda4d5e0_0;
    %ix/load 4, 1, 0;
    %flag_set/imm 4, 0;
    %store/vec4 v0000021fcda46fc0_0, 4, 1;
    %jmp T_0.9;
T_0.2 ;
    %load/vec4 v0000021fcda4d5e0_0;
    %ix/load 4, 2, 0;
    %flag_set/imm 4, 0;
    %store/vec4 v0000021fcda46fc0_0, 4, 1;
    %jmp T_0.9;
T_0.3 ;
    %load/vec4 v0000021fcda4d5e0_0;
    %ix/load 4, 3, 0;
    %flag_set/imm 4, 0;
    %store/vec4 v0000021fcda46fc0_0, 4, 1;
    %jmp T_0.9;
T_0.4 ;
    %load/vec4 v0000021fcda4d5e0_0;
    %ix/load 4, 4, 0;
    %flag_set/imm 4, 0;
    %store/vec4 v0000021fcda46fc0_0, 4, 1;
    %jmp T_0.9;
T_0.5 ;
    %load/vec4 v0000021fcda4d5e0_0;
    %ix/load 4, 5, 0;
    %flag_set/imm 4, 0;
    %store/vec4 v0000021fcda46fc0_0, 4, 1;
    %jmp T_0.9;
T_0.6 ;
    %load/vec4 v0000021fcda4d5e0_0;
    %ix/load 4, 6, 0;
    %flag_set/imm 4, 0;
    %store/vec4 v0000021fcda46fc0_0, 4, 1;
    %jmp T_0.9;
T_0.7 ;
    %load/vec4 v0000021fcda4d5e0_0;
    %ix/load 4, 7, 0;
    %flag_set/imm 4, 0;
    %store/vec4 v0000021fcda46fc0_0, 4, 1;
    %jmp T_0.9;
T_0.9 ;
    %pop/vec4 1;
    %jmp T_0;
    .thread T_0, $push;
    .scope S_0000021fcda4d2c0;
T_1 ;
    %vpi_call 2 8 "$dumpfile", "demux1_8.vcd" {0 0 0};
    %vpi_call 2 9 "$dumpvars", 32'sb00000000000000000000000000000000, S_0000021fcda4d2c0 {0 0 0};
    %pushi/vec4 1, 0, 1;
    %store/vec4 v0000021fcda4baa0_0, 0, 1;
    %pushi/vec4 0, 0, 3;
    %store/vec4 v0000021fcda4bbe0_0, 0, 3;
    %delay 10, 0;
    %pushi/vec4 1, 0, 3;
    %store/vec4 v0000021fcda4bbe0_0, 0, 3;
    %delay 10, 0;
    %pushi/vec4 2, 0, 3;
    %store/vec4 v0000021fcda4bbe0_0, 0, 3;
    %delay 10, 0;
    %pushi/vec4 3, 0, 3;
    %store/vec4 v0000021fcda4bbe0_0, 0, 3;
    %delay 10, 0;
    %pushi/vec4 4, 0, 3;
    %store/vec4 v0000021fcda4bbe0_0, 0, 3;
    %delay 10, 0;
    %pushi/vec4 5, 0, 3;
    %store/vec4 v0000021fcda4bbe0_0, 0, 3;
    %delay 10, 0;
    %pushi/vec4 6, 0, 3;
    %store/vec4 v0000021fcda4bbe0_0, 0, 3;
    %delay 10, 0;
    %pushi/vec4 7, 0, 3;
    %store/vec4 v0000021fcda4bbe0_0, 0, 3;
    %delay 10, 0;
    %pushi/vec4 0, 0, 1;
    %store/vec4 v0000021fcda4baa0_0, 0, 1;
    %pushi/vec4 5, 0, 3;
    %store/vec4 v0000021fcda4bbe0_0, 0, 3;
    %delay 10, 0;
    %vpi_call 2 20 "$finish" {0 0 0};
    %end;
    .thread T_1;
# The file index is used to find the file name in the following table.
:file_names 4;
    "N/A";
    "<interactive>";
    "demux1_8_tb.v";
    "./demux1_8.v";
