#! /c/Source/iverilog-install/bin/vvp
:ivl_version "12.0 (devel)" "(s20150603-1539-g2693dd32b)";
:ivl_delay_selection "TYPICAL";
:vpi_time_precision + 0;
:vpi_module "C:\iverilog\lib\ivl\system.vpi";
:vpi_module "C:\iverilog\lib\ivl\vhdl_sys.vpi";
:vpi_module "C:\iverilog\lib\ivl\vhdl_textio.vpi";
:vpi_module "C:\iverilog\lib\ivl\v2005_math.vpi";
:vpi_module "C:\iverilog\lib\ivl\va_math.vpi";
S_0000021a0d6156c0 .scope module, "half_adder_tb" "half_adder_tb" 2 2;
 .timescale 0 0;
v0000021a0d615a80_0 .net "carry", 0 0, L_0000021a0d5c7390;  1 drivers
v0000021a0d5cbda0_0 .var "in1", 0 0;
v0000021a0d5cbe40_0 .var "in2", 0 0;
v0000021a0d5cbee0_0 .net "sum", 0 0, L_0000021a0d5c8190;  1 drivers
S_0000021a0d615850 .scope module, "uut" "half_adder" 2 5, 3 1 0, S_0000021a0d6156c0;
 .timescale 0 0;
    .port_info 0 /OUTPUT 1 "sum";
    .port_info 1 /OUTPUT 1 "carry";
    .port_info 2 /INPUT 1 "in1";
    .port_info 3 /INPUT 1 "in2";
L_0000021a0d5c8190 .functor XOR 1, v0000021a0d5cbda0_0, v0000021a0d5cbe40_0, C4<0>, C4<0>;
L_0000021a0d5c7390 .functor AND 1, v0000021a0d5cbda0_0, v0000021a0d5cbe40_0, C4<1>, C4<1>;
v0000021a0d5c92e0_0 .net "carry", 0 0, L_0000021a0d5c7390;  alias, 1 drivers
v0000021a0d5c6ef0_0 .net "in1", 0 0, v0000021a0d5cbda0_0;  1 drivers
v0000021a0d5c80f0_0 .net "in2", 0 0, v0000021a0d5cbe40_0;  1 drivers
v0000021a0d6159e0_0 .net "sum", 0 0, L_0000021a0d5c8190;  alias, 1 drivers
    .scope S_0000021a0d6156c0;
T_0 ;
    %vpi_call 2 12 "$dumpfile", "half_adder.vcd" {0 0 0};
    %vpi_call 2 13 "$dumpvars", 32'sb00000000000000000000000000000000, S_0000021a0d6156c0 {0 0 0};
    %pushi/vec4 0, 0, 1;
    %store/vec4 v0000021a0d5cbda0_0, 0, 1;
    %pushi/vec4 0, 0, 1;
    %store/vec4 v0000021a0d5cbe40_0, 0, 1;
    %delay 10, 0;
    %pushi/vec4 0, 0, 1;
    %store/vec4 v0000021a0d5cbda0_0, 0, 1;
    %pushi/vec4 1, 0, 1;
    %store/vec4 v0000021a0d5cbe40_0, 0, 1;
    %delay 10, 0;
    %pushi/vec4 1, 0, 1;
    %store/vec4 v0000021a0d5cbda0_0, 0, 1;
    %pushi/vec4 0, 0, 1;
    %store/vec4 v0000021a0d5cbe40_0, 0, 1;
    %delay 10, 0;
    %pushi/vec4 1, 0, 1;
    %store/vec4 v0000021a0d5cbda0_0, 0, 1;
    %pushi/vec4 1, 0, 1;
    %store/vec4 v0000021a0d5cbe40_0, 0, 1;
    %delay 10, 0;
    %vpi_call 2 18 "$finish" {0 0 0};
    %end;
    .thread T_0;
# The file index is used to find the file name in the following table.
:file_names 4;
    "N/A";
    "<interactive>";
    "half_adder_tb.v";
    "./half_adder.v";
