#! /c/Source/iverilog-install/bin/vvp
:ivl_version "12.0 (devel)" "(s20150603-1539-g2693dd32b)";
:ivl_delay_selection "TYPICAL";
:vpi_time_precision + 0;
:vpi_module "C:\iverilog\lib\ivl\system.vpi";
:vpi_module "C:\iverilog\lib\ivl\vhdl_sys.vpi";
:vpi_module "C:\iverilog\lib\ivl\vhdl_textio.vpi";
:vpi_module "C:\iverilog\lib\ivl\v2005_math.vpi";
:vpi_module "C:\iverilog\lib\ivl\va_math.vpi";
S_000001dfac426e00 .scope module, "half_adder" "half_adder" 2 1;
 .timescale 0 0;
    .port_info 0 /OUTPUT 1 "sum";
    .port_info 1 /OUTPUT 1 "carry";
    .port_info 2 /INPUT 1 "in1";
    .port_info 3 /INPUT 1 "in2";
o000001dfac426fc8 .functor BUFZ 1, C4<z>; HiZ drive
o000001dfac426ff8 .functor BUFZ 1, C4<z>; HiZ drive
L_000001dfac4260f0 .functor XOR 1, o000001dfac426fc8, o000001dfac426ff8, C4<0>, C4<0>;
L_000001dfac3d7350 .functor AND 1, o000001dfac426fc8, o000001dfac426ff8, C4<1>, C4<1>;
v000001dfac426050_0 .net "carry", 0 0, L_000001dfac3d7350;  1 drivers
v000001dfac3d6eb0_0 .net "in1", 0 0, o000001dfac426fc8;  0 drivers
v000001dfac3dd040_0 .net "in2", 0 0, o000001dfac426ff8;  0 drivers
v000001dfac3dd0e0_0 .net "sum", 0 0, L_000001dfac4260f0;  1 drivers
# The file index is used to find the file name in the following table.
:file_names 3;
    "N/A";
    "<interactive>";
    "half_adder.v";
