#! /c/Source/iverilog-install/bin/vvp
:ivl_version "12.0 (devel)" "(s20150603-1539-g2693dd32b)";
:ivl_delay_selection "TYPICAL";
:vpi_time_precision + 0;
:vpi_module "C:\iverilog\lib\ivl\system.vpi";
:vpi_module "C:\iverilog\lib\ivl\vhdl_sys.vpi";
:vpi_module "C:\iverilog\lib\ivl\vhdl_textio.vpi";
:vpi_module "C:\iverilog\lib\ivl\v2005_math.vpi";
:vpi_module "C:\iverilog\lib\ivl\va_math.vpi";
S_000002afb839a440 .scope module, "octal_to_binary_tb" "octal_to_binary_tb" 2 2;
 .timescale 0 0;
v000002afb83f94c0_0 .var "in", 7 0;
v000002afb83f8480_0 .net "out", 2 0, L_000002afb83f85c0;  1 drivers
S_000002afb855c120 .scope module, "uut" "octal_to_binary" 2 5, 3 1 0, S_000002afb839a440;
 .timescale 0 0;
    .port_info 0 /INPUT 8 "in";
    .port_info 1 /OUTPUT 3 "out";
L_000002afb8397f50 .functor OR 1, L_000002afb83f7e40, L_000002afb83f7f80, C4<0>, C4<0>;
L_000002afb8397930 .functor OR 1, L_000002afb8397f50, L_000002afb83f8520, C4<0>, C4<0>;
L_000002afb8397cb0 .functor OR 1, L_000002afb8397930, L_000002afb83f8020, C4<0>, C4<0>;
L_000002afb83978c0 .functor OR 1, L_000002afb83f9060, L_000002afb83f7940, C4<0>, C4<0>;
L_000002afb8397ee0 .functor OR 1, L_000002afb83978c0, L_000002afb83f92e0, C4<0>, C4<0>;
L_000002afb8397a80 .functor OR 1, L_000002afb8397ee0, L_000002afb83f88e0, C4<0>, C4<0>;
L_000002afb83979a0 .functor OR 1, L_000002afb83f7da0, L_000002afb83f9380, C4<0>, C4<0>;
L_000002afb8397a10 .functor OR 1, L_000002afb83979a0, L_000002afb83f8b60, C4<0>, C4<0>;
L_000002afb8397d20 .functor OR 1, L_000002afb8397a10, L_000002afb83f8980, C4<0>, C4<0>;
v000002afb8399930_0 .net *"_ivl_10", 0 0, L_000002afb8397930;  1 drivers
v000002afb8399750_0 .net *"_ivl_13", 0 0, L_000002afb83f8020;  1 drivers
v000002afb8399430_0 .net *"_ivl_14", 0 0, L_000002afb8397cb0;  1 drivers
v000002afb8399d90_0 .net *"_ivl_19", 0 0, L_000002afb83f9060;  1 drivers
v000002afb8399a70_0 .net *"_ivl_21", 0 0, L_000002afb83f7940;  1 drivers
v000002afb8399ed0_0 .net *"_ivl_22", 0 0, L_000002afb83978c0;  1 drivers
v000002afb8399f70_0 .net *"_ivl_25", 0 0, L_000002afb83f92e0;  1 drivers
v000002afb8399070_0 .net *"_ivl_26", 0 0, L_000002afb8397ee0;  1 drivers
v000002afb8399e30_0 .net *"_ivl_29", 0 0, L_000002afb83f88e0;  1 drivers
v000002afb83999d0_0 .net *"_ivl_3", 0 0, L_000002afb83f7e40;  1 drivers
v000002afb83997f0_0 .net *"_ivl_30", 0 0, L_000002afb8397a80;  1 drivers
v000002afb8399bb0_0 .net *"_ivl_36", 0 0, L_000002afb83f7da0;  1 drivers
v000002afb8399610_0 .net *"_ivl_38", 0 0, L_000002afb83f9380;  1 drivers
v000002afb8399110_0 .net *"_ivl_39", 0 0, L_000002afb83979a0;  1 drivers
v000002afb8399250_0 .net *"_ivl_42", 0 0, L_000002afb83f8b60;  1 drivers
v000002afb83992f0_0 .net *"_ivl_43", 0 0, L_000002afb8397a10;  1 drivers
v000002afb8399890_0 .net *"_ivl_46", 0 0, L_000002afb83f8980;  1 drivers
v000002afb8399570_0 .net *"_ivl_47", 0 0, L_000002afb8397d20;  1 drivers
v000002afb83f8700_0 .net *"_ivl_5", 0 0, L_000002afb83f7f80;  1 drivers
v000002afb83f9420_0 .net *"_ivl_6", 0 0, L_000002afb8397f50;  1 drivers
v000002afb83f83e0_0 .net *"_ivl_9", 0 0, L_000002afb83f8520;  1 drivers
v000002afb83f78a0_0 .net "in", 7 0, v000002afb83f94c0_0;  1 drivers
v000002afb83f8fc0_0 .net "out", 2 0, L_000002afb83f85c0;  alias, 1 drivers
L_000002afb83f7e40 .part v000002afb83f94c0_0, 4, 1;
L_000002afb83f7f80 .part v000002afb83f94c0_0, 5, 1;
L_000002afb83f8520 .part v000002afb83f94c0_0, 6, 1;
L_000002afb83f8020 .part v000002afb83f94c0_0, 7, 1;
L_000002afb83f9060 .part v000002afb83f94c0_0, 2, 1;
L_000002afb83f7940 .part v000002afb83f94c0_0, 3, 1;
L_000002afb83f92e0 .part v000002afb83f94c0_0, 6, 1;
L_000002afb83f88e0 .part v000002afb83f94c0_0, 7, 1;
L_000002afb83f85c0 .concat8 [ 1 1 1 0], L_000002afb8397d20, L_000002afb8397a80, L_000002afb8397cb0;
L_000002afb83f7da0 .part v000002afb83f94c0_0, 1, 1;
L_000002afb83f9380 .part v000002afb83f94c0_0, 3, 1;
L_000002afb83f8b60 .part v000002afb83f94c0_0, 5, 1;
L_000002afb83f8980 .part v000002afb83f94c0_0, 7, 1;
    .scope S_000002afb839a440;
T_0 ;
    %vpi_call 2 7 "$dumpfile", "octal_to_binary.vcd" {0 0 0};
    %vpi_call 2 8 "$dumpvars", 32'sb00000000000000000000000000000000, S_000002afb839a440 {0 0 0};
    %pushi/vec4 0, 0, 8;
    %store/vec4 v000002afb83f94c0_0, 0, 8;
    %delay 10, 0;
    %pushi/vec4 1, 0, 8;
    %store/vec4 v000002afb83f94c0_0, 0, 8;
    %delay 10, 0;
    %pushi/vec4 2, 0, 8;
    %store/vec4 v000002afb83f94c0_0, 0, 8;
    %delay 10, 0;
    %pushi/vec4 4, 0, 8;
    %store/vec4 v000002afb83f94c0_0, 0, 8;
    %delay 10, 0;
    %pushi/vec4 8, 0, 8;
    %store/vec4 v000002afb83f94c0_0, 0, 8;
    %delay 10, 0;
    %pushi/vec4 16, 0, 8;
    %store/vec4 v000002afb83f94c0_0, 0, 8;
    %delay 10, 0;
    %pushi/vec4 32, 0, 8;
    %store/vec4 v000002afb83f94c0_0, 0, 8;
    %delay 10, 0;
    %pushi/vec4 64, 0, 8;
    %store/vec4 v000002afb83f94c0_0, 0, 8;
    %delay 10, 0;
    %pushi/vec4 128, 0, 8;
    %store/vec4 v000002afb83f94c0_0, 0, 8;
    %delay 10, 0;
    %vpi_call 2 18 "$finish" {0 0 0};
    %end;
    .thread T_0;
# The file index is used to find the file name in the following table.
:file_names 4;
    "N/A";
    "<interactive>";
    "octal_to_binary_tb.v";
    "./octal_to_binary.v";
