#! /c/Source/iverilog-install/bin/vvp
:ivl_version "12.0 (devel)" "(s20150603-1539-g2693dd32b)";
:ivl_delay_selection "TYPICAL";
:vpi_time_precision + 0;
:vpi_module "C:\iverilog\lib\ivl\system.vpi";
:vpi_module "C:\iverilog\lib\ivl\vhdl_sys.vpi";
:vpi_module "C:\iverilog\lib\ivl\vhdl_textio.vpi";
:vpi_module "C:\iverilog\lib\ivl\v2005_math.vpi";
:vpi_module "C:\iverilog\lib\ivl\va_math.vpi";
S_000001a143e36ab0 .scope module, "octal_to_binary" "octal_to_binary" 2 1;
 .timescale 0 0;
    .port_info 0 /INPUT 8 "in";
    .port_info 1 /OUTPUT 3 "out";
L_000001a143e37380 .functor OR 1, L_000001a14401c020, L_000001a14401b8a0, C4<0>, C4<0>;
L_000001a143e375b0 .functor OR 1, L_000001a143e37380, L_000001a14401bf80, C4<0>, C4<0>;
L_000001a143e36c40 .functor OR 1, L_000001a143e375b0, L_000001a14401bda0, C4<0>, C4<0>;
L_000001a143e36cb0 .functor OR 1, L_000001a14401c0c0, L_000001a14401c340, C4<0>, C4<0>;
L_000001a143e36d20 .functor OR 1, L_000001a143e36cb0, L_000001a14401d4c0, C4<0>, C4<0>;
L_000001a143e36ea0 .functor OR 1, L_000001a143e36d20, L_000001a14401ce80, C4<0>, C4<0>;
L_000001a143fd3ee0 .functor OR 1, L_000001a14401cd40, L_000001a14401c160, C4<0>, C4<0>;
L_000001a14401ddf0 .functor OR 1, L_000001a143fd3ee0, L_000001a14401d560, C4<0>, C4<0>;
L_000001a14401d990 .functor OR 1, L_000001a14401ddf0, L_000001a14401d600, C4<0>, C4<0>;
v000001a143e3a500_0 .net *"_ivl_10", 0 0, L_000001a143e375b0;  1 drivers
v000001a143e3a6e0_0 .net *"_ivl_13", 0 0, L_000001a14401bda0;  1 drivers
v000001a143e3a1e0_0 .net *"_ivl_14", 0 0, L_000001a143e36c40;  1 drivers
v000001a143e3a5a0_0 .net *"_ivl_19", 0 0, L_000001a14401c0c0;  1 drivers
v000001a143e3a320_0 .net *"_ivl_21", 0 0, L_000001a14401c340;  1 drivers
v000001a14401d380_0 .net *"_ivl_22", 0 0, L_000001a143e36cb0;  1 drivers
v000001a14401b9e0_0 .net *"_ivl_25", 0 0, L_000001a14401d4c0;  1 drivers
v000001a14401bbc0_0 .net *"_ivl_26", 0 0, L_000001a143e36d20;  1 drivers
v000001a14401c3e0_0 .net *"_ivl_29", 0 0, L_000001a14401ce80;  1 drivers
v000001a14401cb60_0 .net *"_ivl_3", 0 0, L_000001a14401c020;  1 drivers
v000001a14401b940_0 .net *"_ivl_30", 0 0, L_000001a143e36ea0;  1 drivers
v000001a14401d420_0 .net *"_ivl_36", 0 0, L_000001a14401cd40;  1 drivers
v000001a14401d240_0 .net *"_ivl_38", 0 0, L_000001a14401c160;  1 drivers
v000001a14401d1a0_0 .net *"_ivl_39", 0 0, L_000001a143fd3ee0;  1 drivers
v000001a14401d2e0_0 .net *"_ivl_42", 0 0, L_000001a14401d560;  1 drivers
v000001a14401bc60_0 .net *"_ivl_43", 0 0, L_000001a14401ddf0;  1 drivers
v000001a14401ca20_0 .net *"_ivl_46", 0 0, L_000001a14401d600;  1 drivers
v000001a14401c980_0 .net *"_ivl_47", 0 0, L_000001a14401d990;  1 drivers
v000001a14401c480_0 .net *"_ivl_5", 0 0, L_000001a14401b8a0;  1 drivers
v000001a14401d100_0 .net *"_ivl_6", 0 0, L_000001a143e37380;  1 drivers
v000001a14401bee0_0 .net *"_ivl_9", 0 0, L_000001a14401bf80;  1 drivers
o000001a143fd73c8 .functor BUFZ 8, C4<zzzzzzzz>; HiZ drive
v000001a14401c5c0_0 .net "in", 7 0, o000001a143fd73c8;  0 drivers
v000001a14401bb20_0 .net "out", 2 0, L_000001a14401cca0;  1 drivers
L_000001a14401c020 .part o000001a143fd73c8, 4, 1;
L_000001a14401b8a0 .part o000001a143fd73c8, 5, 1;
L_000001a14401bf80 .part o000001a143fd73c8, 6, 1;
L_000001a14401bda0 .part o000001a143fd73c8, 7, 1;
L_000001a14401c0c0 .part o000001a143fd73c8, 2, 1;
L_000001a14401c340 .part o000001a143fd73c8, 3, 1;
L_000001a14401d4c0 .part o000001a143fd73c8, 6, 1;
L_000001a14401ce80 .part o000001a143fd73c8, 7, 1;
L_000001a14401cca0 .concat8 [ 1 1 1 0], L_000001a14401d990, L_000001a143e36ea0, L_000001a143e36c40;
L_000001a14401cd40 .part o000001a143fd73c8, 1, 1;
L_000001a14401c160 .part o000001a143fd73c8, 3, 1;
L_000001a14401d560 .part o000001a143fd73c8, 5, 1;
L_000001a14401d600 .part o000001a143fd73c8, 7, 1;
# The file index is used to find the file name in the following table.
:file_names 3;
    "N/A";
    "<interactive>";
    "octal_to_binary.v";
