#! /c/Source/iverilog-install/bin/vvp
:ivl_version "12.0 (devel)" "(s20150603-1539-g2693dd32b)";
:ivl_delay_selection "TYPICAL";
:vpi_time_precision + 0;
:vpi_module "C:\iverilog\lib\ivl\system.vpi";
:vpi_module "C:\iverilog\lib\ivl\vhdl_sys.vpi";
:vpi_module "C:\iverilog\lib\ivl\vhdl_textio.vpi";
:vpi_module "C:\iverilog\lib\ivl\v2005_math.vpi";
:vpi_module "C:\iverilog\lib\ivl\va_math.vpi";
S_000001b1f81ebd10 .scope module, "mux8_1_tb" "mux8_1_tb" 2 2;
 .timescale 0 0;
v000001b1f81eb150_0 .var "in", 7 0;
v000001b1f81eb1f0_0 .net "out", 0 0, v000001b1f81e6f00_0;  1 drivers
v000001b1f81ed450_0 .var "sel", 2 0;
S_000001b1f81ed2c0 .scope module, "uut" "mux8_1" 2 6, 3 1 0, S_000001b1f81ebd10;
 .timescale 0 0;
    .port_info 0 /OUTPUT 1 "out";
    .port_info 1 /INPUT 3 "sel";
    .port_info 2 /INPUT 8 "in";
v000001b1f81ebea0_0 .net "in", 7 0, v000001b1f81eb150_0;  1 drivers
v000001b1f81e6f00_0 .var "out", 0 0;
v000001b1f81ebf40_0 .net "sel", 2 0, v000001b1f81ed450_0;  1 drivers
E_000001b1f8224920 .event anyedge, v000001b1f81ebf40_0, v000001b1f81ebea0_0;
    .scope S_000001b1f81ed2c0;
T_0 ;
    %wait E_000001b1f8224920;
    %load/vec4 v000001b1f81ebf40_0;
    %dup/vec4;
    %pushi/vec4 0, 0, 3;
    %cmp/u;
    %jmp/1 T_0.0, 6;
    %dup/vec4;
    %pushi/vec4 1, 0, 3;
    %cmp/u;
    %jmp/1 T_0.1, 6;
    %dup/vec4;
    %pushi/vec4 2, 0, 3;
    %cmp/u;
    %jmp/1 T_0.2, 6;
    %dup/vec4;
    %pushi/vec4 3, 0, 3;
    %cmp/u;
    %jmp/1 T_0.3, 6;
    %dup/vec4;
    %pushi/vec4 4, 0, 3;
    %cmp/u;
    %jmp/1 T_0.4, 6;
    %dup/vec4;
    %pushi/vec4 5, 0, 3;
    %cmp/u;
    %jmp/1 T_0.5, 6;
    %dup/vec4;
    %pushi/vec4 6, 0, 3;
    %cmp/u;
    %jmp/1 T_0.6, 6;
    %dup/vec4;
    %pushi/vec4 7, 0, 3;
    %cmp/u;
    %jmp/1 T_0.7, 6;
    %pushi/vec4 0, 0, 1;
    %store/vec4 v000001b1f81e6f00_0, 0, 1;
    %jmp T_0.9;
T_0.0 ;
    %load/vec4 v000001b1f81ebea0_0;
    %parti/s 1, 0, 2;
    %store/vec4 v000001b1f81e6f00_0, 0, 1;
    %jmp T_0.9;
T_0.1 ;
    %load/vec4 v000001b1f81ebea0_0;
    %parti/s 1, 1, 2;
    %store/vec4 v000001b1f81e6f00_0, 0, 1;
    %jmp T_0.9;
T_0.2 ;
    %load/vec4 v000001b1f81ebea0_0;
    %parti/s 1, 2, 3;
    %store/vec4 v000001b1f81e6f00_0, 0, 1;
    %jmp T_0.9;
T_0.3 ;
    %load/vec4 v000001b1f81ebea0_0;
    %parti/s 1, 3, 3;
    %store/vec4 v000001b1f81e6f00_0, 0, 1;
    %jmp T_0.9;
T_0.4 ;
    %load/vec4 v000001b1f81ebea0_0;
    %parti/s 1, 4, 4;
    %store/vec4 v000001b1f81e6f00_0, 0, 1;
    %jmp T_0.9;
T_0.5 ;
    %load/vec4 v000001b1f81ebea0_0;
    %parti/s 1, 5, 4;
    %store/vec4 v000001b1f81e6f00_0, 0, 1;
    %jmp T_0.9;
T_0.6 ;
    %load/vec4 v000001b1f81ebea0_0;
    %parti/s 1, 6, 4;
    %store/vec4 v000001b1f81e6f00_0, 0, 1;
    %jmp T_0.9;
T_0.7 ;
    %load/vec4 v000001b1f81ebea0_0;
    %parti/s 1, 7, 4;
    %store/vec4 v000001b1f81e6f00_0, 0, 1;
    %jmp T_0.9;
T_0.9 ;
    %pop/vec4 1;
    %jmp T_0;
    .thread T_0, $push;
    .scope S_000001b1f81ebd10;
T_1 ;
    %vpi_call 2 8 "$dumpfile", "mux8_1.vcd" {0 0 0};
    %vpi_call 2 9 "$dumpvars", 32'sb00000000000000000000000000000000, S_000001b1f81ebd10 {0 0 0};
    %pushi/vec4 170, 0, 8;
    %store/vec4 v000001b1f81eb150_0, 0, 8;
    %pushi/vec4 0, 0, 3;
    %store/vec4 v000001b1f81ed450_0, 0, 3;
    %delay 10, 0;
    %pushi/vec4 1, 0, 3;
    %store/vec4 v000001b1f81ed450_0, 0, 3;
    %delay 10, 0;
    %pushi/vec4 2, 0, 3;
    %store/vec4 v000001b1f81ed450_0, 0, 3;
    %delay 10, 0;
    %pushi/vec4 3, 0, 3;
    %store/vec4 v000001b1f81ed450_0, 0, 3;
    %delay 10, 0;
    %pushi/vec4 4, 0, 3;
    %store/vec4 v000001b1f81ed450_0, 0, 3;
    %delay 10, 0;
    %pushi/vec4 5, 0, 3;
    %store/vec4 v000001b1f81ed450_0, 0, 3;
    %delay 10, 0;
    %pushi/vec4 6, 0, 3;
    %store/vec4 v000001b1f81ed450_0, 0, 3;
    %delay 10, 0;
    %pushi/vec4 7, 0, 3;
    %store/vec4 v000001b1f81ed450_0, 0, 3;
    %delay 10, 0;
    %pushi/vec4 240, 0, 8;
    %store/vec4 v000001b1f81eb150_0, 0, 8;
    %pushi/vec4 0, 0, 3;
    %store/vec4 v000001b1f81ed450_0, 0, 3;
    %delay 10, 0;
    %pushi/vec4 1, 0, 3;
    %store/vec4 v000001b1f81ed450_0, 0, 3;
    %delay 10, 0;
    %pushi/vec4 2, 0, 3;
    %store/vec4 v000001b1f81ed450_0, 0, 3;
    %delay 10, 0;
    %pushi/vec4 3, 0, 3;
    %store/vec4 v000001b1f81ed450_0, 0, 3;
    %delay 10, 0;
    %pushi/vec4 4, 0, 3;
    %store/vec4 v000001b1f81ed450_0, 0, 3;
    %delay 10, 0;
    %pushi/vec4 5, 0, 3;
    %store/vec4 v000001b1f81ed450_0, 0, 3;
    %delay 10, 0;
    %pushi/vec4 6, 0, 3;
    %store/vec4 v000001b1f81ed450_0, 0, 3;
    %delay 10, 0;
    %pushi/vec4 7, 0, 3;
    %store/vec4 v000001b1f81ed450_0, 0, 3;
    %delay 10, 0;
    %vpi_call 2 28 "$finish" {0 0 0};
    %end;
    .thread T_1;
# The file index is used to find the file name in the following table.
:file_names 4;
    "N/A";
    "<interactive>";
    "mux8_1_tb.v";
    "./mux8_1.v";
