#! /c/Source/iverilog-install/bin/vvp
:ivl_version "12.0 (devel)" "(s20150603-1539-g2693dd32b)";
:ivl_delay_selection "TYPICAL";
:vpi_time_precision + 0;
:vpi_module "C:\iverilog\lib\ivl\system.vpi";
:vpi_module "C:\iverilog\lib\ivl\vhdl_sys.vpi";
:vpi_module "C:\iverilog\lib\ivl\vhdl_textio.vpi";
:vpi_module "C:\iverilog\lib\ivl\v2005_math.vpi";
:vpi_module "C:\iverilog\lib\ivl\va_math.vpi";
S_000002118f766bd0 .scope module, "mux8_1" "mux8_1" 2 1;
 .timescale 0 0;
    .port_info 0 /OUTPUT 1 "out";
    .port_info 1 /INPUT 3 "sel";
    .port_info 2 /INPUT 8 "in";
o000002118f5e6fa8 .functor BUFZ 8, C4<zzzzzzzz>; HiZ drive
v000002118f766d60_0 .net "in", 7 0, o000002118f5e6fa8;  0 drivers
v000002118f766e00_0 .var "out", 0 0;
o000002118f5e7008 .functor BUFZ 3, C4<zzz>; HiZ drive
v000002118f766ea0_0 .net "sel", 2 0, o000002118f5e7008;  0 drivers
E_000002118f76c830 .event anyedge, v000002118f766ea0_0, v000002118f766d60_0;
    .scope S_000002118f766bd0;
T_0 ;
    %wait E_000002118f76c830;
    %load/vec4 v000002118f766ea0_0;
    %dup/vec4;
    %pushi/vec4 0, 0, 3;
    %cmp/u;
    %jmp/1 T_0.0, 6;
    %dup/vec4;
    %pushi/vec4 1, 0, 3;
    %cmp/u;
    %jmp/1 T_0.1, 6;
    %dup/vec4;
    %pushi/vec4 2, 0, 3;
    %cmp/u;
    %jmp/1 T_0.2, 6;
    %dup/vec4;
    %pushi/vec4 3, 0, 3;
    %cmp/u;
    %jmp/1 T_0.3, 6;
    %dup/vec4;
    %pushi/vec4 4, 0, 3;
    %cmp/u;
    %jmp/1 T_0.4, 6;
    %dup/vec4;
    %pushi/vec4 5, 0, 3;
    %cmp/u;
    %jmp/1 T_0.5, 6;
    %dup/vec4;
    %pushi/vec4 6, 0, 3;
    %cmp/u;
    %jmp/1 T_0.6, 6;
    %dup/vec4;
    %pushi/vec4 7, 0, 3;
    %cmp/u;
    %jmp/1 T_0.7, 6;
    %pushi/vec4 0, 0, 1;
    %store/vec4 v000002118f766e00_0, 0, 1;
    %jmp T_0.9;
T_0.0 ;
    %load/vec4 v000002118f766d60_0;
    %parti/s 1, 0, 2;
    %store/vec4 v000002118f766e00_0, 0, 1;
    %jmp T_0.9;
T_0.1 ;
    %load/vec4 v000002118f766d60_0;
    %parti/s 1, 1, 2;
    %store/vec4 v000002118f766e00_0, 0, 1;
    %jmp T_0.9;
T_0.2 ;
    %load/vec4 v000002118f766d60_0;
    %parti/s 1, 2, 3;
    %store/vec4 v000002118f766e00_0, 0, 1;
    %jmp T_0.9;
T_0.3 ;
    %load/vec4 v000002118f766d60_0;
    %parti/s 1, 3, 3;
    %store/vec4 v000002118f766e00_0, 0, 1;
    %jmp T_0.9;
T_0.4 ;
    %load/vec4 v000002118f766d60_0;
    %parti/s 1, 4, 4;
    %store/vec4 v000002118f766e00_0, 0, 1;
    %jmp T_0.9;
T_0.5 ;
    %load/vec4 v000002118f766d60_0;
    %parti/s 1, 5, 4;
    %store/vec4 v000002118f766e00_0, 0, 1;
    %jmp T_0.9;
T_0.6 ;
    %load/vec4 v000002118f766d60_0;
    %parti/s 1, 6, 4;
    %store/vec4 v000002118f766e00_0, 0, 1;
    %jmp T_0.9;
T_0.7 ;
    %load/vec4 v000002118f766d60_0;
    %parti/s 1, 7, 4;
    %store/vec4 v000002118f766e00_0, 0, 1;
    %jmp T_0.9;
T_0.9 ;
    %pop/vec4 1;
    %jmp T_0;
    .thread T_0, $push;
# The file index is used to find the file name in the following table.
:file_names 3;
    "N/A";
    "<interactive>";
    "mux8_1.v";
