#! /c/Source/iverilog-install/bin/vvp
:ivl_version "12.0 (devel)" "(s20150603-1539-g2693dd32b)";
:ivl_delay_selection "TYPICAL";
:vpi_time_precision + 0;
:vpi_module "C:\iverilog\lib\ivl\system.vpi";
:vpi_module "C:\iverilog\lib\ivl\vhdl_sys.vpi";
:vpi_module "C:\iverilog\lib\ivl\vhdl_textio.vpi";
:vpi_module "C:\iverilog\lib\ivl\v2005_math.vpi";
:vpi_module "C:\iverilog\lib\ivl\va_math.vpi";
S_000002c4e3d955d0 .scope module, "ripple_carry_adder" "ripple_carry_adder" 2 10;
 .timescale 0 0;
    .port_info 0 /INPUT 4 "a";
    .port_info 1 /INPUT 4 "b";
    .port_info 2 /INPUT 1 "cin";
    .port_info 3 /OUTPUT 4 "sum";
    .port_info 4 /OUTPUT 1 "carry";
o000002c4e3d99ad8 .functor BUFZ 4, C4<zzzz>; HiZ drive
v000002c4e3def600_0 .net "a", 3 0, o000002c4e3d99ad8;  0 drivers
o000002c4e3d99b08 .functor BUFZ 4, C4<zzzz>; HiZ drive
v000002c4e3df10e0_0 .net "b", 3 0, o000002c4e3d99b08;  0 drivers
v000002c4e3def240_0 .net "c", 2 0, L_000002c4e3def4c0;  1 drivers
v000002c4e3df0460_0 .net "carry", 0 0, L_000002c4e3df1ce0;  1 drivers
o000002c4e3d99118 .functor BUFZ 1, C4<z>; HiZ drive
v000002c4e3def380_0 .net "cin", 0 0, o000002c4e3d99118;  0 drivers
v000002c4e3df0640_0 .net "sum", 3 0, L_000002c4e3def740;  1 drivers
L_000002c4e3def9c0 .part o000002c4e3d99ad8, 0, 1;
L_000002c4e3def560 .part o000002c4e3d99b08, 0, 1;
L_000002c4e3def420 .part o000002c4e3d99ad8, 1, 1;
L_000002c4e3def2e0 .part o000002c4e3d99b08, 1, 1;
L_000002c4e3def920 .part L_000002c4e3def4c0, 0, 1;
L_000002c4e3df0dc0 .part o000002c4e3d99ad8, 2, 1;
L_000002c4e3defa60 .part o000002c4e3d99b08, 2, 1;
L_000002c4e3df0780 .part L_000002c4e3def4c0, 1, 1;
L_000002c4e3def4c0 .concat8 [ 1 1 1 0], L_000002c4e3df18f0, L_000002c4e3df2300, L_000002c4e3df1b20;
L_000002c4e3defba0 .part o000002c4e3d99ad8, 3, 1;
L_000002c4e3df0aa0 .part o000002c4e3d99b08, 3, 1;
L_000002c4e3df0320 .part L_000002c4e3def4c0, 2, 1;
L_000002c4e3def740 .concat8 [ 1 1 1 1], L_000002c4e3d8c8c0, L_000002c4e3df1b90, L_000002c4e3df24c0, L_000002c4e3df1c70;
S_000002c4e3d95760 .scope module, "f1" "full_adder" 2 17, 2 1 0, S_000002c4e3d955d0;
 .timescale 0 0;
    .port_info 0 /INPUT 1 "a";
    .port_info 1 /INPUT 1 "b";
    .port_info 2 /INPUT 1 "cin";
    .port_info 3 /OUTPUT 1 "sum";
    .port_info 4 /OUTPUT 1 "carry";
L_000002c4e3d8c930 .functor XOR 1, L_000002c4e3def9c0, L_000002c4e3def560, C4<0>, C4<0>;
L_000002c4e3d8c8c0 .functor XOR 1, L_000002c4e3d8c930, o000002c4e3d99118, C4<0>, C4<0>;
L_000002c4e3d8ca10 .functor AND 1, L_000002c4e3def9c0, L_000002c4e3def560, C4<1>, C4<1>;
L_000002c4e3d8cbd0 .functor AND 1, L_000002c4e3def560, o000002c4e3d99118, C4<1>, C4<1>;
L_000002c4e3d8ca80 .functor OR 1, L_000002c4e3d8ca10, L_000002c4e3d8cbd0, C4<0>, C4<0>;
L_000002c4e3df2530 .functor AND 1, L_000002c4e3def9c0, o000002c4e3d99118, C4<1>, C4<1>;
L_000002c4e3df18f0 .functor OR 1, L_000002c4e3d8ca80, L_000002c4e3df2530, C4<0>, C4<0>;
v000002c4e3d8d3b0_0 .net *"_ivl_0", 0 0, L_000002c4e3d8c930;  1 drivers
v000002c4e3d8e490_0 .net *"_ivl_10", 0 0, L_000002c4e3df2530;  1 drivers
v000002c4e3d8e8f0_0 .net *"_ivl_4", 0 0, L_000002c4e3d8ca10;  1 drivers
v000002c4e3d8d770_0 .net *"_ivl_6", 0 0, L_000002c4e3d8cbd0;  1 drivers
v000002c4e3d8e710_0 .net *"_ivl_8", 0 0, L_000002c4e3d8ca80;  1 drivers
v000002c4e3d8efd0_0 .net "a", 0 0, L_000002c4e3def9c0;  1 drivers
v000002c4e3d8e7b0_0 .net "b", 0 0, L_000002c4e3def560;  1 drivers
v000002c4e3d8f070_0 .net "carry", 0 0, L_000002c4e3df18f0;  1 drivers
v000002c4e3d8e850_0 .net "cin", 0 0, o000002c4e3d99118;  alias, 0 drivers
v000002c4e3d8d450_0 .net "sum", 0 0, L_000002c4e3d8c8c0;  1 drivers
S_000002c4e3d942b0 .scope module, "f2" "full_adder" 2 18, 2 1 0, S_000002c4e3d955d0;
 .timescale 0 0;
    .port_info 0 /INPUT 1 "a";
    .port_info 1 /INPUT 1 "b";
    .port_info 2 /INPUT 1 "cin";
    .port_info 3 /OUTPUT 1 "sum";
    .port_info 4 /OUTPUT 1 "carry";
L_000002c4e3df1f80 .functor XOR 1, L_000002c4e3def420, L_000002c4e3def2e0, C4<0>, C4<0>;
L_000002c4e3df1b90 .functor XOR 1, L_000002c4e3df1f80, L_000002c4e3def920, C4<0>, C4<0>;
L_000002c4e3df1ab0 .functor AND 1, L_000002c4e3def420, L_000002c4e3def2e0, C4<1>, C4<1>;
L_000002c4e3df1650 .functor AND 1, L_000002c4e3def2e0, L_000002c4e3def920, C4<1>, C4<1>;
L_000002c4e3df20d0 .functor OR 1, L_000002c4e3df1ab0, L_000002c4e3df1650, C4<0>, C4<0>;
L_000002c4e3df1dc0 .functor AND 1, L_000002c4e3def420, L_000002c4e3def920, C4<1>, C4<1>;
L_000002c4e3df2300 .functor OR 1, L_000002c4e3df20d0, L_000002c4e3df1dc0, C4<0>, C4<0>;
v000002c4e3d8d1d0_0 .net *"_ivl_0", 0 0, L_000002c4e3df1f80;  1 drivers
v000002c4e3d8d4f0_0 .net *"_ivl_10", 0 0, L_000002c4e3df1dc0;  1 drivers
v000002c4e3d8ead0_0 .net *"_ivl_4", 0 0, L_000002c4e3df1ab0;  1 drivers
v000002c4e3d8de50_0 .net *"_ivl_6", 0 0, L_000002c4e3df1650;  1 drivers
v000002c4e3d8e990_0 .net *"_ivl_8", 0 0, L_000002c4e3df20d0;  1 drivers
v000002c4e3d8ec10_0 .net "a", 0 0, L_000002c4e3def420;  1 drivers
v000002c4e3d8dbd0_0 .net "b", 0 0, L_000002c4e3def2e0;  1 drivers
v000002c4e3d8d590_0 .net "carry", 0 0, L_000002c4e3df2300;  1 drivers
v000002c4e3d8e0d0_0 .net "cin", 0 0, L_000002c4e3def920;  1 drivers
v000002c4e3d8ea30_0 .net "sum", 0 0, L_000002c4e3df1b90;  1 drivers
S_000002c4e3d94440 .scope module, "f3" "full_adder" 2 19, 2 1 0, S_000002c4e3d955d0;
 .timescale 0 0;
    .port_info 0 /INPUT 1 "a";
    .port_info 1 /INPUT 1 "b";
    .port_info 2 /INPUT 1 "cin";
    .port_info 3 /OUTPUT 1 "sum";
    .port_info 4 /OUTPUT 1 "carry";
L_000002c4e3df16c0 .functor XOR 1, L_000002c4e3df0dc0, L_000002c4e3defa60, C4<0>, C4<0>;
L_000002c4e3df24c0 .functor XOR 1, L_000002c4e3df16c0, L_000002c4e3df0780, C4<0>, C4<0>;
L_000002c4e3df2290 .functor AND 1, L_000002c4e3df0dc0, L_000002c4e3defa60, C4<1>, C4<1>;
L_000002c4e3df1f10 .functor AND 1, L_000002c4e3defa60, L_000002c4e3df0780, C4<1>, C4<1>;
L_000002c4e3df19d0 .functor OR 1, L_000002c4e3df2290, L_000002c4e3df1f10, C4<0>, C4<0>;
L_000002c4e3df1960 .functor AND 1, L_000002c4e3df0dc0, L_000002c4e3df0780, C4<1>, C4<1>;
L_000002c4e3df1b20 .functor OR 1, L_000002c4e3df19d0, L_000002c4e3df1960, C4<0>, C4<0>;
v000002c4e3d8def0_0 .net *"_ivl_0", 0 0, L_000002c4e3df16c0;  1 drivers
v000002c4e3d8d810_0 .net *"_ivl_10", 0 0, L_000002c4e3df1960;  1 drivers
v000002c4e3d8ecb0_0 .net *"_ivl_4", 0 0, L_000002c4e3df2290;  1 drivers
v000002c4e3d8e030_0 .net *"_ivl_6", 0 0, L_000002c4e3df1f10;  1 drivers
v000002c4e3d8dc70_0 .net *"_ivl_8", 0 0, L_000002c4e3df19d0;  1 drivers
v000002c4e3d8ed50_0 .net "a", 0 0, L_000002c4e3df0dc0;  1 drivers
v000002c4e3d8e170_0 .net "b", 0 0, L_000002c4e3defa60;  1 drivers
v000002c4e3d8edf0_0 .net "carry", 0 0, L_000002c4e3df1b20;  1 drivers
v000002c4e3d8d630_0 .net "cin", 0 0, L_000002c4e3df0780;  1 drivers
v000002c4e3d8d8b0_0 .net "sum", 0 0, L_000002c4e3df24c0;  1 drivers
S_000002c4e3de7050 .scope module, "f4" "full_adder" 2 20, 2 1 0, S_000002c4e3d955d0;
 .timescale 0 0;
    .port_info 0 /INPUT 1 "a";
    .port_info 1 /INPUT 1 "b";
    .port_info 2 /INPUT 1 "cin";
    .port_info 3 /OUTPUT 1 "sum";
    .port_info 4 /OUTPUT 1 "carry";
L_000002c4e3df21b0 .functor XOR 1, L_000002c4e3defba0, L_000002c4e3df0aa0, C4<0>, C4<0>;
L_000002c4e3df1c70 .functor XOR 1, L_000002c4e3df21b0, L_000002c4e3df0320, C4<0>, C4<0>;
L_000002c4e3df2450 .functor AND 1, L_000002c4e3defba0, L_000002c4e3df0aa0, C4<1>, C4<1>;
L_000002c4e3df2370 .functor AND 1, L_000002c4e3df0aa0, L_000002c4e3df0320, C4<1>, C4<1>;
L_000002c4e3df2220 .functor OR 1, L_000002c4e3df2450, L_000002c4e3df2370, C4<0>, C4<0>;
L_000002c4e3df2060 .functor AND 1, L_000002c4e3defba0, L_000002c4e3df0320, C4<1>, C4<1>;
L_000002c4e3df1ce0 .functor OR 1, L_000002c4e3df2220, L_000002c4e3df2060, C4<0>, C4<0>;
v000002c4e3d8d950_0 .net *"_ivl_0", 0 0, L_000002c4e3df21b0;  1 drivers
v000002c4e3d8d9f0_0 .net *"_ivl_10", 0 0, L_000002c4e3df2060;  1 drivers
v000002c4e3d8dd10_0 .net *"_ivl_4", 0 0, L_000002c4e3df2450;  1 drivers
v000002c4e3d8da90_0 .net *"_ivl_6", 0 0, L_000002c4e3df2370;  1 drivers
v000002c4e3d8df90_0 .net *"_ivl_8", 0 0, L_000002c4e3df2220;  1 drivers
v000002c4e3d8e210_0 .net "a", 0 0, L_000002c4e3defba0;  1 drivers
v000002c4e3d8e2b0_0 .net "b", 0 0, L_000002c4e3df0aa0;  1 drivers
v000002c4e3d8e350_0 .net "carry", 0 0, L_000002c4e3df1ce0;  alias, 1 drivers
v000002c4e3d8ba50_0 .net "cin", 0 0, L_000002c4e3df0320;  1 drivers
v000002c4e3d8b550_0 .net "sum", 0 0, L_000002c4e3df1c70;  1 drivers
# The file index is used to find the file name in the following table.
:file_names 3;
    "N/A";
    "<interactive>";
    "ripple_carry_adder.v";
