#! /c/Source/iverilog-install/bin/vvp
:ivl_version "12.0 (devel)" "(s20150603-1539-g2693dd32b)";
:ivl_delay_selection "TYPICAL";
:vpi_time_precision + 0;
:vpi_module "C:\iverilog\lib\ivl\system.vpi";
:vpi_module "C:\iverilog\lib\ivl\vhdl_sys.vpi";
:vpi_module "C:\iverilog\lib\ivl\vhdl_textio.vpi";
:vpi_module "C:\iverilog\lib\ivl\v2005_math.vpi";
:vpi_module "C:\iverilog\lib\ivl\va_math.vpi";
S_0000021c750352b0 .scope module, "full_subtractor_hs" "full_subtractor_hs" 2 8;
 .timescale 0 0;
    .port_info 0 /OUTPUT 1 "difference";
    .port_info 1 /OUTPUT 1 "borrow";
    .port_info 2 /INPUT 1 "a";
    .port_info 3 /INPUT 1 "b";
    .port_info 4 /INPUT 1 "cin";
L_0000021c75081040 .functor OR 1, L_0000021c75127620, L_0000021c75034550, C4<0>, C4<0>;
o0000021c75036fe8 .functor BUFZ 1, C4<z>; HiZ drive
v0000021c750801d0_0 .net "a", 0 0, o0000021c75036fe8;  0 drivers
o0000021c75037018 .functor BUFZ 1, C4<z>; HiZ drive
v0000021c7507fcd0_0 .net "b", 0 0, o0000021c75037018;  0 drivers
v0000021c75080310_0 .net "borrow", 0 0, L_0000021c75081040;  1 drivers
v0000021c7507fb90_0 .net "borrow1", 0 0, L_0000021c75034550;  1 drivers
o0000021c75037198 .functor BUFZ 1, C4<z>; HiZ drive
v0000021c75080090_0 .net "cin", 0 0, o0000021c75037198;  0 drivers
v0000021c7507f9b0_0 .net "difference", 0 0, L_0000021c750343e0;  1 drivers
v0000021c750803b0_0 .net "partial_borrow", 0 0, L_0000021c75127620;  1 drivers
v0000021c7507fa50_0 .net "partial_difference", 0 0, L_0000021c75127360;  1 drivers
S_0000021c75035440 .scope module, "h1" "half_subtractor" 2 12, 2 1 0, S_0000021c750352b0;
 .timescale 0 0;
    .port_info 0 /OUTPUT 1 "difference";
    .port_info 1 /OUTPUT 1 "borrow";
    .port_info 2 /INPUT 1 "a";
    .port_info 3 /INPUT 1 "b";
L_0000021c75127360 .functor XOR 1, o0000021c75036fe8, o0000021c75037018, C4<0>, C4<0>;
L_0000021c751274c0 .functor NOT 1, o0000021c75036fe8, C4<0>, C4<0>, C4<0>;
L_0000021c75127620 .functor AND 1, L_0000021c751274c0, o0000021c75037018, C4<1>, C4<1>;
v0000021c750355d0_0 .net *"_ivl_2", 0 0, L_0000021c751274c0;  1 drivers
v0000021c7512bf10_0 .net "a", 0 0, o0000021c75036fe8;  alias, 0 drivers
v0000021c75035670_0 .net "b", 0 0, o0000021c75037018;  alias, 0 drivers
v0000021c75126ac0_0 .net "borrow", 0 0, L_0000021c75127620;  alias, 1 drivers
v0000021c75126b60_0 .net "difference", 0 0, L_0000021c75127360;  alias, 1 drivers
S_0000021c75126c00 .scope module, "h2" "half_subtractor" 2 13, 2 1 0, S_0000021c750352b0;
 .timescale 0 0;
    .port_info 0 /OUTPUT 1 "difference";
    .port_info 1 /OUTPUT 1 "borrow";
    .port_info 2 /INPUT 1 "a";
    .port_info 3 /INPUT 1 "b";
L_0000021c750343e0 .functor XOR 1, L_0000021c75127360, o0000021c75037198, C4<0>, C4<0>;
L_0000021c750344e0 .functor NOT 1, L_0000021c75127360, C4<0>, C4<0>, C4<0>;
L_0000021c75034550 .functor AND 1, L_0000021c750344e0, o0000021c75037198, C4<1>, C4<1>;
v0000021c75126d90_0 .net *"_ivl_2", 0 0, L_0000021c750344e0;  1 drivers
v0000021c75126e30_0 .net "a", 0 0, L_0000021c75127360;  alias, 1 drivers
v0000021c75126ed0_0 .net "b", 0 0, o0000021c75037198;  alias, 0 drivers
v0000021c75033ea0_0 .net "borrow", 0 0, L_0000021c75034550;  alias, 1 drivers
v0000021c75033f40_0 .net "difference", 0 0, L_0000021c750343e0;  alias, 1 drivers
# The file index is used to find the file name in the following table.
:file_names 3;
    "N/A";
    "<interactive>";
    "full_subtractor_hs.v";
