#! /c/Source/iverilog-install/bin/vvp
:ivl_version "12.0 (devel)" "(s20150603-1539-g2693dd32b)";
:ivl_delay_selection "TYPICAL";
:vpi_time_precision + 0;
:vpi_module "C:\iverilog\lib\ivl\system.vpi";
:vpi_module "C:\iverilog\lib\ivl\vhdl_sys.vpi";
:vpi_module "C:\iverilog\lib\ivl\vhdl_textio.vpi";
:vpi_module "C:\iverilog\lib\ivl\v2005_math.vpi";
:vpi_module "C:\iverilog\lib\ivl\va_math.vpi";
S_0000019265c66ab0 .scope module, "half_subtractor" "half_subtractor" 2 1;
 .timescale 0 0;
    .port_info 0 /OUTPUT 1 "difference";
    .port_info 1 /OUTPUT 1 "borrow";
    .port_info 2 /INPUT 1 "a";
    .port_info 3 /INPUT 1 "b";
o0000019265cd7008 .functor BUFZ 1, C4<z>; HiZ drive
o0000019265cd7038 .functor BUFZ 1, C4<z>; HiZ drive
L_0000019265cd60f0 .functor XOR 1, o0000019265cd7008, o0000019265cd7038, C4<0>, C4<0>;
L_0000019265c67350 .functor NOT 1, o0000019265cd7008, C4<0>, C4<0>, C4<0>;
L_0000019265c674b0 .functor AND 1, L_0000019265c67350, o0000019265cd7038, C4<1>, C4<1>;
v0000019265cd6050_0 .net *"_ivl_2", 0 0, L_0000019265c67350;  1 drivers
v0000019265c66c40_0 .net "a", 0 0, o0000019265cd7008;  0 drivers
v0000019265c66ce0_0 .net "b", 0 0, o0000019265cd7038;  0 drivers
v0000019265c66d80_0 .net "borrow", 0 0, L_0000019265c674b0;  1 drivers
v0000019265c66e20_0 .net "difference", 0 0, L_0000019265cd60f0;  1 drivers
# The file index is used to find the file name in the following table.
:file_names 3;
    "N/A";
    "<interactive>";
    "half_subtractor.v";
