#! /c/Source/iverilog-install/bin/vvp
:ivl_version "12.0 (devel)" "(s20150603-1539-g2693dd32b)";
:ivl_delay_selection "TYPICAL";
:vpi_time_precision + 0;
:vpi_module "C:\iverilog\lib\ivl\system.vpi";
:vpi_module "C:\iverilog\lib\ivl\vhdl_sys.vpi";
:vpi_module "C:\iverilog\lib\ivl\vhdl_textio.vpi";
:vpi_module "C:\iverilog\lib\ivl\v2005_math.vpi";
:vpi_module "C:\iverilog\lib\ivl\va_math.vpi";
S_00000241acfd6a40 .scope module, "odd_parity_checker" "odd_parity_checker" 2 1;
 .timescale 0 0;
    .port_info 0 /INPUT 4 "in";
    .port_info 1 /INPUT 1 "p";
    .port_info 2 /OUTPUT 1 "error";
L_00000241acfd73b0 .functor XOR 1, L_00000241acfde510, L_00000241acfdec90, C4<0>, C4<0>;
L_00000241acfdedf0 .functor XOR 1, L_00000241acfd73b0, L_00000241acfde3d0, C4<0>, C4<0>;
L_00000241acfdeef0 .functor XOR 1, L_00000241acfdedf0, L_00000241acfde150, C4<0>, C4<0>;
L_00000241acfdef60 .functor NOT 1, L_00000241acfdeef0, C4<0>, C4<0>, C4<0>;
o00000241ad027168 .functor BUFZ 1, C4<z>; HiZ drive
L_00000241ad020640 .functor XOR 1, L_00000241acfdef60, o00000241ad027168, C4<0>, C4<0>;
v00000241acfd6bd0_0 .net *"_ivl_1", 0 0, L_00000241acfde510;  1 drivers
v00000241acfd6c70_0 .net *"_ivl_11", 0 0, L_00000241acfde150;  1 drivers
v00000241acfd6d10_0 .net *"_ivl_12", 0 0, L_00000241acfdeef0;  1 drivers
v00000241acfd6db0_0 .net *"_ivl_14", 0 0, L_00000241acfdef60;  1 drivers
v00000241acfd6e50_0 .net *"_ivl_3", 0 0, L_00000241acfdec90;  1 drivers
v00000241acfddc00_0 .net *"_ivl_4", 0 0, L_00000241acfd73b0;  1 drivers
v00000241acfddca0_0 .net *"_ivl_7", 0 0, L_00000241acfde3d0;  1 drivers
v00000241acfddd40_0 .net *"_ivl_8", 0 0, L_00000241acfdedf0;  1 drivers
v00000241acfde1f0_0 .net "error", 0 0, L_00000241ad020640;  1 drivers
o00000241ad027138 .functor BUFZ 4, C4<zzzz>; HiZ drive
v00000241acfde6f0_0 .net "in", 3 0, o00000241ad027138;  0 drivers
v00000241acfde290_0 .net "p", 0 0, o00000241ad027168;  0 drivers
L_00000241acfde510 .part o00000241ad027138, 3, 1;
L_00000241acfdec90 .part o00000241ad027138, 2, 1;
L_00000241acfde3d0 .part o00000241ad027138, 1, 1;
L_00000241acfde150 .part o00000241ad027138, 0, 1;
# The file index is used to find the file name in the following table.
:file_names 3;
    "N/A";
    "<interactive>";
    "odd_parity_checker.v";
