#! /c/Source/iverilog-install/bin/vvp
:ivl_version "12.0 (devel)" "(s20150603-1539-g2693dd32b)";
:ivl_delay_selection "TYPICAL";
:vpi_time_precision + 0;
:vpi_module "C:\iverilog\lib\ivl\system.vpi";
:vpi_module "C:\iverilog\lib\ivl\vhdl_sys.vpi";
:vpi_module "C:\iverilog\lib\ivl\vhdl_textio.vpi";
:vpi_module "C:\iverilog\lib\ivl\v2005_math.vpi";
:vpi_module "C:\iverilog\lib\ivl\va_math.vpi";
S_000001220224ac50 .scope module, "odd_parity_checker_tb" "odd_parity_checker_tb" 2 2;
 .timescale 0 0;
v0000012202291990_0 .net "error", 0 0, L_000001220229a460;  1 drivers
v0000012202291f30_0 .var "in", 3 0;
v0000012202292110_0 .var "p", 0 0;
S_00000122022954f0 .scope module, "uut" "odd_parity_checker" 2 6, 3 1 0, S_000001220224ac50;
 .timescale 0 0;
    .port_info 0 /INPUT 4 "in";
    .port_info 1 /INPUT 1 "p";
    .port_info 2 /OUTPUT 1 "error";
L_0000012202299e40 .functor XOR 1, L_00000122022918f0, L_0000012202291a30, C4<0>, C4<0>;
L_0000012202299f90 .functor XOR 1, L_0000012202299e40, L_0000012202292070, C4<0>, C4<0>;
L_000001220229a070 .functor XOR 1, L_0000012202299f90, L_00000122022921b0, C4<0>, C4<0>;
L_0000012202299d60 .functor NOT 1, L_000001220229a070, C4<0>, C4<0>, C4<0>;
L_000001220229a460 .functor XOR 1, L_0000012202299d60, v0000012202292110_0, C4<0>, C4<0>;
v000001220224ade0_0 .net *"_ivl_1", 0 0, L_00000122022918f0;  1 drivers
v000001220224ae80_0 .net *"_ivl_11", 0 0, L_00000122022921b0;  1 drivers
v0000012202246e80_0 .net *"_ivl_12", 0 0, L_000001220229a070;  1 drivers
v0000012202295680_0 .net *"_ivl_14", 0 0, L_0000012202299d60;  1 drivers
v000001220224be10_0 .net *"_ivl_3", 0 0, L_0000012202291a30;  1 drivers
v000001220224beb0_0 .net *"_ivl_4", 0 0, L_0000012202299e40;  1 drivers
v0000012202295720_0 .net *"_ivl_7", 0 0, L_0000012202292070;  1 drivers
v00000122022957c0_0 .net *"_ivl_8", 0 0, L_0000012202299f90;  1 drivers
v0000012202291fd0_0 .net "error", 0 0, L_000001220229a460;  alias, 1 drivers
v0000012202291d50_0 .net "in", 3 0, v0000012202291f30_0;  1 drivers
v0000012202291850_0 .net "p", 0 0, v0000012202292110_0;  1 drivers
L_00000122022918f0 .part v0000012202291f30_0, 3, 1;
L_0000012202291a30 .part v0000012202291f30_0, 2, 1;
L_0000012202292070 .part v0000012202291f30_0, 1, 1;
L_00000122022921b0 .part v0000012202291f30_0, 0, 1;
    .scope S_000001220224ac50;
T_0 ;
    %vpi_call 2 8 "$dumpfile", "odd_parity_checker.vcd" {0 0 0};
    %vpi_call 2 9 "$dumpvars", 32'sb00000000000000000000000000000000, S_000001220224ac50 {0 0 0};
    %pushi/vec4 0, 0, 4;
    %store/vec4 v0000012202291f30_0, 0, 4;
    %pushi/vec4 0, 0, 1;
    %store/vec4 v0000012202292110_0, 0, 1;
    %delay 10, 0;
    %pushi/vec4 1, 0, 4;
    %store/vec4 v0000012202291f30_0, 0, 4;
    %pushi/vec4 1, 0, 1;
    %store/vec4 v0000012202292110_0, 0, 1;
    %delay 10, 0;
    %pushi/vec4 2, 0, 4;
    %store/vec4 v0000012202291f30_0, 0, 4;
    %pushi/vec4 0, 0, 1;
    %store/vec4 v0000012202292110_0, 0, 1;
    %delay 10, 0;
    %pushi/vec4 3, 0, 4;
    %store/vec4 v0000012202291f30_0, 0, 4;
    %pushi/vec4 1, 0, 1;
    %store/vec4 v0000012202292110_0, 0, 1;
    %delay 10, 0;
    %pushi/vec4 4, 0, 4;
    %store/vec4 v0000012202291f30_0, 0, 4;
    %pushi/vec4 0, 0, 1;
    %store/vec4 v0000012202292110_0, 0, 1;
    %delay 10, 0;
    %pushi/vec4 5, 0, 4;
    %store/vec4 v0000012202291f30_0, 0, 4;
    %pushi/vec4 1, 0, 1;
    %store/vec4 v0000012202292110_0, 0, 1;
    %delay 10, 0;
    %pushi/vec4 6, 0, 4;
    %store/vec4 v0000012202291f30_0, 0, 4;
    %pushi/vec4 0, 0, 1;
    %store/vec4 v0000012202292110_0, 0, 1;
    %delay 10, 0;
    %pushi/vec4 7, 0, 4;
    %store/vec4 v0000012202291f30_0, 0, 4;
    %pushi/vec4 1, 0, 1;
    %store/vec4 v0000012202292110_0, 0, 1;
    %delay 10, 0;
    %pushi/vec4 8, 0, 4;
    %store/vec4 v0000012202291f30_0, 0, 4;
    %pushi/vec4 0, 0, 1;
    %store/vec4 v0000012202292110_0, 0, 1;
    %delay 10, 0;
    %pushi/vec4 9, 0, 4;
    %store/vec4 v0000012202291f30_0, 0, 4;
    %pushi/vec4 1, 0, 1;
    %store/vec4 v0000012202292110_0, 0, 1;
    %delay 10, 0;
    %pushi/vec4 10, 0, 4;
    %store/vec4 v0000012202291f30_0, 0, 4;
    %pushi/vec4 0, 0, 1;
    %store/vec4 v0000012202292110_0, 0, 1;
    %delay 10, 0;
    %pushi/vec4 11, 0, 4;
    %store/vec4 v0000012202291f30_0, 0, 4;
    %pushi/vec4 1, 0, 1;
    %store/vec4 v0000012202292110_0, 0, 1;
    %delay 10, 0;
    %pushi/vec4 12, 0, 4;
    %store/vec4 v0000012202291f30_0, 0, 4;
    %pushi/vec4 0, 0, 1;
    %store/vec4 v0000012202292110_0, 0, 1;
    %delay 10, 0;
    %pushi/vec4 13, 0, 4;
    %store/vec4 v0000012202291f30_0, 0, 4;
    %pushi/vec4 1, 0, 1;
    %store/vec4 v0000012202292110_0, 0, 1;
    %delay 10, 0;
    %pushi/vec4 14, 0, 4;
    %store/vec4 v0000012202291f30_0, 0, 4;
    %pushi/vec4 0, 0, 1;
    %store/vec4 v0000012202292110_0, 0, 1;
    %delay 10, 0;
    %pushi/vec4 15, 0, 4;
    %store/vec4 v0000012202291f30_0, 0, 4;
    %pushi/vec4 1, 0, 1;
    %store/vec4 v0000012202292110_0, 0, 1;
    %delay 10, 0;
    %vpi_call 2 26 "$finish" {0 0 0};
    %end;
    .thread T_0;
# The file index is used to find the file name in the following table.
:file_names 4;
    "N/A";
    "<interactive>";
    "odd_parity_checker_tb.v";
    "./odd_parity_checker.v";
