#! /c/Source/iverilog-install/bin/vvp
:ivl_version "12.0 (devel)" "(s20150603-1539-g2693dd32b)";
:ivl_delay_selection "TYPICAL";
:vpi_time_precision + 0;
:vpi_module "C:\iverilog\lib\ivl\system.vpi";
:vpi_module "C:\iverilog\lib\ivl\vhdl_sys.vpi";
:vpi_module "C:\iverilog\lib\ivl\vhdl_textio.vpi";
:vpi_module "C:\iverilog\lib\ivl\v2005_math.vpi";
:vpi_module "C:\iverilog\lib\ivl\va_math.vpi";
S_000002580e9f0fb0 .scope module, "mux8_1_2_1_tb" "mux8_1_2_1_tb" 2 2;
 .timescale 0 0;
v000002580ea54650_0 .var "in", 7 0;
v000002580ea53930_0 .net "out", 0 0, L_000002580ea56ac0;  1 drivers
v000002580ea53750_0 .var "sel", 2 0;
S_000002580e9f71f0 .scope module, "uut" "mux8_1_2_1" 2 6, 3 7 0, S_000002580e9f0fb0;
 .timescale 0 0;
    .port_info 0 /OUTPUT 1 "out";
    .port_info 1 /INPUT 3 "sel";
    .port_info 2 /INPUT 8 "in";
v000002580ea53570_0 .net "in", 7 0, v000002580ea54650_0;  1 drivers
v000002580ea54470_0 .net "out", 0 0, L_000002580ea56ac0;  alias, 1 drivers
v000002580ea531b0_0 .net "sel", 2 0, v000002580ea53750_0;  1 drivers
v000002580ea545b0_0 .net "w", 5 0, L_000002580ea53d90;  1 drivers
L_000002580ea546f0 .part v000002580ea53750_0, 0, 1;
L_000002580ea539d0 .part v000002580ea54650_0, 0, 1;
L_000002580ea53c50 .part v000002580ea54650_0, 1, 1;
L_000002580ea53a70 .part v000002580ea53750_0, 0, 1;
L_000002580ea54790 .part v000002580ea54650_0, 2, 1;
L_000002580ea54dd0 .part v000002580ea54650_0, 3, 1;
L_000002580ea536b0 .part v000002580ea53750_0, 0, 1;
L_000002580ea54a10 .part v000002580ea54650_0, 4, 1;
L_000002580ea532f0 .part v000002580ea54650_0, 5, 1;
L_000002580ea53430 .part v000002580ea53750_0, 0, 1;
L_000002580ea54bf0 .part v000002580ea54650_0, 6, 1;
L_000002580ea534d0 .part v000002580ea54650_0, 7, 1;
L_000002580ea53f70 .part v000002580ea53750_0, 1, 1;
L_000002580ea53110 .part L_000002580ea53d90, 0, 1;
L_000002580ea53b10 .part L_000002580ea53d90, 1, 1;
LS_000002580ea53d90_0_0 .concat8 [ 1 1 1 1], L_000002580ea54f10, L_000002580ea54010, L_000002580ea54830, L_000002580ea54ab0;
LS_000002580ea53d90_0_4 .concat8 [ 1 1 0 0], L_000002580ea537f0, L_000002580ea53390;
L_000002580ea53d90 .concat8 [ 4 2 0 0], LS_000002580ea53d90_0_0, LS_000002580ea53d90_0_4;
L_000002580ea53e30 .part v000002580ea53750_0, 1, 1;
L_000002580ea541f0 .part L_000002580ea53d90, 2, 1;
L_000002580ea54330 .part L_000002580ea53d90, 3, 1;
L_000002580ea55940 .part v000002580ea53750_0, 2, 1;
L_000002580ea56f20 .part L_000002580ea53d90, 4, 1;
L_000002580ea56b60 .part L_000002580ea53d90, 5, 1;
S_000002580e9f7380 .scope module, "m1" "mux2_1" 3 13, 3 1 0, S_000002580e9f71f0;
 .timescale 0 0;
    .port_info 0 /OUTPUT 1 "out";
    .port_info 1 /INPUT 1 "sel";
    .port_info 2 /INPUT 1 "a";
    .port_info 3 /INPUT 1 "b";
v000002580e9eb5a0_0 .net "a", 0 0, L_000002580ea539d0;  1 drivers
v000002580e9eb320_0 .net "b", 0 0, L_000002580ea53c50;  1 drivers
v000002580e9ebd20_0 .net "out", 0 0, L_000002580ea54f10;  1 drivers
v000002580e9ebdc0_0 .net "sel", 0 0, L_000002580ea546f0;  1 drivers
L_000002580ea54f10 .functor MUXZ 1, L_000002580ea539d0, L_000002580ea53c50, L_000002580ea546f0, C4<>;
S_000002580e9f44a0 .scope module, "m2" "mux2_1" 3 14, 3 1 0, S_000002580e9f71f0;
 .timescale 0 0;
    .port_info 0 /OUTPUT 1 "out";
    .port_info 1 /INPUT 1 "sel";
    .port_info 2 /INPUT 1 "a";
    .port_info 3 /INPUT 1 "b";
v000002580e9eb6e0_0 .net "a", 0 0, L_000002580ea54790;  1 drivers
v000002580e9eb780_0 .net "b", 0 0, L_000002580ea54dd0;  1 drivers
v000002580e9eb820_0 .net "out", 0 0, L_000002580ea54010;  1 drivers
v000002580e9eb8c0_0 .net "sel", 0 0, L_000002580ea53a70;  1 drivers
L_000002580ea54010 .functor MUXZ 1, L_000002580ea54790, L_000002580ea54dd0, L_000002580ea53a70, C4<>;
S_000002580e9f4630 .scope module, "m3" "mux2_1" 3 15, 3 1 0, S_000002580e9f71f0;
 .timescale 0 0;
    .port_info 0 /OUTPUT 1 "out";
    .port_info 1 /INPUT 1 "sel";
    .port_info 2 /INPUT 1 "a";
    .port_info 3 /INPUT 1 "b";
v000002580e9eba00_0 .net "a", 0 0, L_000002580ea54a10;  1 drivers
v000002580e9ebb40_0 .net "b", 0 0, L_000002580ea532f0;  1 drivers
v000002580ea54150_0 .net "out", 0 0, L_000002580ea54830;  1 drivers
v000002580ea54290_0 .net "sel", 0 0, L_000002580ea536b0;  1 drivers
L_000002580ea54830 .functor MUXZ 1, L_000002580ea54a10, L_000002580ea532f0, L_000002580ea536b0, C4<>;
S_000002580e9c2760 .scope module, "m4" "mux2_1" 3 16, 3 1 0, S_000002580e9f71f0;
 .timescale 0 0;
    .port_info 0 /OUTPUT 1 "out";
    .port_info 1 /INPUT 1 "sel";
    .port_info 2 /INPUT 1 "a";
    .port_info 3 /INPUT 1 "b";
v000002580ea53bb0_0 .net "a", 0 0, L_000002580ea54bf0;  1 drivers
v000002580ea53070_0 .net "b", 0 0, L_000002580ea534d0;  1 drivers
v000002580ea53ed0_0 .net "out", 0 0, L_000002580ea54ab0;  1 drivers
v000002580ea53610_0 .net "sel", 0 0, L_000002580ea53430;  1 drivers
L_000002580ea54ab0 .functor MUXZ 1, L_000002580ea54bf0, L_000002580ea534d0, L_000002580ea53430, C4<>;
S_000002580e9c28f0 .scope module, "m5" "mux2_1" 3 18, 3 1 0, S_000002580e9f71f0;
 .timescale 0 0;
    .port_info 0 /OUTPUT 1 "out";
    .port_info 1 /INPUT 1 "sel";
    .port_info 2 /INPUT 1 "a";
    .port_info 3 /INPUT 1 "b";
v000002580ea54510_0 .net "a", 0 0, L_000002580ea53110;  1 drivers
v000002580ea548d0_0 .net "b", 0 0, L_000002580ea53b10;  1 drivers
v000002580ea54c90_0 .net "out", 0 0, L_000002580ea537f0;  1 drivers
v000002580ea53cf0_0 .net "sel", 0 0, L_000002580ea53f70;  1 drivers
L_000002580ea537f0 .functor MUXZ 1, L_000002580ea53110, L_000002580ea53b10, L_000002580ea53f70, C4<>;
S_000002580ea55030 .scope module, "m6" "mux2_1" 3 19, 3 1 0, S_000002580e9f71f0;
 .timescale 0 0;
    .port_info 0 /OUTPUT 1 "out";
    .port_info 1 /INPUT 1 "sel";
    .port_info 2 /INPUT 1 "a";
    .port_info 3 /INPUT 1 "b";
v000002580ea54e70_0 .net "a", 0 0, L_000002580ea541f0;  1 drivers
v000002580ea53890_0 .net "b", 0 0, L_000002580ea54330;  1 drivers
v000002580ea540b0_0 .net "out", 0 0, L_000002580ea53390;  1 drivers
v000002580ea54970_0 .net "sel", 0 0, L_000002580ea53e30;  1 drivers
L_000002580ea53390 .functor MUXZ 1, L_000002580ea541f0, L_000002580ea54330, L_000002580ea53e30, C4<>;
S_000002580ea551c0 .scope module, "m7" "mux2_1" 3 21, 3 1 0, S_000002580e9f71f0;
 .timescale 0 0;
    .port_info 0 /OUTPUT 1 "out";
    .port_info 1 /INPUT 1 "sel";
    .port_info 2 /INPUT 1 "a";
    .port_info 3 /INPUT 1 "b";
v000002580ea54b50_0 .net "a", 0 0, L_000002580ea56f20;  1 drivers
v000002580ea53250_0 .net "b", 0 0, L_000002580ea56b60;  1 drivers
v000002580ea54d30_0 .net "out", 0 0, L_000002580ea56ac0;  alias, 1 drivers
v000002580ea543d0_0 .net "sel", 0 0, L_000002580ea55940;  1 drivers
L_000002580ea56ac0 .functor MUXZ 1, L_000002580ea56f20, L_000002580ea56b60, L_000002580ea55940, C4<>;
    .scope S_000002580e9f0fb0;
T_0 ;
    %vpi_call 2 8 "$dumpfile", "mux8_1_2_1.vcd" {0 0 0};
    %vpi_call 2 9 "$dumpvars", 32'sb00000000000000000000000000000000, S_000002580e9f0fb0 {0 0 0};
    %pushi/vec4 170, 0, 8;
    %store/vec4 v000002580ea54650_0, 0, 8;
    %pushi/vec4 0, 0, 3;
    %store/vec4 v000002580ea53750_0, 0, 3;
    %delay 10, 0;
    %pushi/vec4 1, 0, 3;
    %store/vec4 v000002580ea53750_0, 0, 3;
    %delay 10, 0;
    %pushi/vec4 2, 0, 3;
    %store/vec4 v000002580ea53750_0, 0, 3;
    %delay 10, 0;
    %pushi/vec4 3, 0, 3;
    %store/vec4 v000002580ea53750_0, 0, 3;
    %delay 10, 0;
    %pushi/vec4 4, 0, 3;
    %store/vec4 v000002580ea53750_0, 0, 3;
    %delay 10, 0;
    %pushi/vec4 5, 0, 3;
    %store/vec4 v000002580ea53750_0, 0, 3;
    %delay 10, 0;
    %pushi/vec4 6, 0, 3;
    %store/vec4 v000002580ea53750_0, 0, 3;
    %delay 10, 0;
    %pushi/vec4 7, 0, 3;
    %store/vec4 v000002580ea53750_0, 0, 3;
    %delay 10, 0;
    %pushi/vec4 240, 0, 8;
    %store/vec4 v000002580ea54650_0, 0, 8;
    %pushi/vec4 0, 0, 3;
    %store/vec4 v000002580ea53750_0, 0, 3;
    %delay 10, 0;
    %pushi/vec4 1, 0, 3;
    %store/vec4 v000002580ea53750_0, 0, 3;
    %delay 10, 0;
    %pushi/vec4 2, 0, 3;
    %store/vec4 v000002580ea53750_0, 0, 3;
    %delay 10, 0;
    %pushi/vec4 3, 0, 3;
    %store/vec4 v000002580ea53750_0, 0, 3;
    %delay 10, 0;
    %pushi/vec4 4, 0, 3;
    %store/vec4 v000002580ea53750_0, 0, 3;
    %delay 10, 0;
    %pushi/vec4 5, 0, 3;
    %store/vec4 v000002580ea53750_0, 0, 3;
    %delay 10, 0;
    %pushi/vec4 6, 0, 3;
    %store/vec4 v000002580ea53750_0, 0, 3;
    %delay 10, 0;
    %pushi/vec4 7, 0, 3;
    %store/vec4 v000002580ea53750_0, 0, 3;
    %delay 10, 0;
    %vpi_call 2 28 "$finish" {0 0 0};
    %end;
    .thread T_0;
# The file index is used to find the file name in the following table.
:file_names 4;
    "N/A";
    "<interactive>";
    "mux8_1_2_1_tb.v";
    "./mux8_1_2_1.v";
