#! /c/Source/iverilog-install/bin/vvp
:ivl_version "12.0 (devel)" "(s20150603-1539-g2693dd32b)";
:ivl_delay_selection "TYPICAL";
:vpi_time_precision + 0;
:vpi_module "C:\iverilog\lib\ivl\system.vpi";
:vpi_module "C:\iverilog\lib\ivl\vhdl_sys.vpi";
:vpi_module "C:\iverilog\lib\ivl\vhdl_textio.vpi";
:vpi_module "C:\iverilog\lib\ivl\v2005_math.vpi";
:vpi_module "C:\iverilog\lib\ivl\va_math.vpi";
S_0000023c56789fd0 .scope module, "priority_encoder8_3_tb" "priority_encoder8_3_tb" 2 2;
 .timescale 0 0;
v0000023c5678a200_0 .var "in", 7 0;
v0000023c566c69b0_0 .net "out", 2 0, v0000023c56786ef0_0;  1 drivers
S_0000023c566c6820 .scope module, "uut" "priority_encoder8_3" 2 5, 3 1 0, S_0000023c56789fd0;
 .timescale 0 0;
    .port_info 0 /OUTPUT 3 "out";
    .port_info 1 /INPUT 8 "in";
v0000023c5678a160_0 .net "in", 7 0, v0000023c5678a200_0;  1 drivers
v0000023c56786ef0_0 .var "out", 2 0;
E_0000023c56789140 .event anyedge, v0000023c5678a160_0;
    .scope S_0000023c566c6820;
T_0 ;
    %wait E_0000023c56789140;
    %pushi/vec4 0, 0, 3;
    %store/vec4 v0000023c56786ef0_0, 0, 3;
    %load/vec4 v0000023c5678a160_0;
    %dup/vec4;
    %pushi/vec4 128, 127, 8;
    %cmp/z;
    %jmp/1 T_0.0, 4;
    %dup/vec4;
    %pushi/vec4 64, 63, 8;
    %cmp/z;
    %jmp/1 T_0.1, 4;
    %dup/vec4;
    %pushi/vec4 32, 31, 8;
    %cmp/z;
    %jmp/1 T_0.2, 4;
    %dup/vec4;
    %pushi/vec4 16, 15, 8;
    %cmp/z;
    %jmp/1 T_0.3, 4;
    %dup/vec4;
    %pushi/vec4 8, 7, 8;
    %cmp/z;
    %jmp/1 T_0.4, 4;
    %dup/vec4;
    %pushi/vec4 4, 3, 8;
    %cmp/z;
    %jmp/1 T_0.5, 4;
    %dup/vec4;
    %pushi/vec4 2, 1, 8;
    %cmp/z;
    %jmp/1 T_0.6, 4;
    %dup/vec4;
    %pushi/vec4 1, 0, 8;
    %cmp/z;
    %jmp/1 T_0.7, 4;
    %pushi/vec4 0, 0, 3;
    %store/vec4 v0000023c56786ef0_0, 0, 3;
    %jmp T_0.9;
T_0.0 ;
    %pushi/vec4 7, 0, 3;
    %store/vec4 v0000023c56786ef0_0, 0, 3;
    %jmp T_0.9;
T_0.1 ;
    %pushi/vec4 6, 0, 3;
    %store/vec4 v0000023c56786ef0_0, 0, 3;
    %jmp T_0.9;
T_0.2 ;
    %pushi/vec4 5, 0, 3;
    %store/vec4 v0000023c56786ef0_0, 0, 3;
    %jmp T_0.9;
T_0.3 ;
    %pushi/vec4 4, 0, 3;
    %store/vec4 v0000023c56786ef0_0, 0, 3;
    %jmp T_0.9;
T_0.4 ;
    %pushi/vec4 3, 0, 3;
    %store/vec4 v0000023c56786ef0_0, 0, 3;
    %jmp T_0.9;
T_0.5 ;
    %pushi/vec4 2, 0, 3;
    %store/vec4 v0000023c56786ef0_0, 0, 3;
    %jmp T_0.9;
T_0.6 ;
    %pushi/vec4 1, 0, 3;
    %store/vec4 v0000023c56786ef0_0, 0, 3;
    %jmp T_0.9;
T_0.7 ;
    %pushi/vec4 0, 0, 3;
    %store/vec4 v0000023c56786ef0_0, 0, 3;
    %jmp T_0.9;
T_0.9 ;
    %pop/vec4 1;
    %jmp T_0;
    .thread T_0, $push;
    .scope S_0000023c56789fd0;
T_1 ;
    %vpi_call 2 7 "$dumpfile", "priority_encoder8_3.vcd" {0 0 0};
    %vpi_call 2 8 "$dumpvars", 32'sb00000000000000000000000000000000, S_0000023c56789fd0 {0 0 0};
    %pushi/vec4 129, 0, 8;
    %store/vec4 v0000023c5678a200_0, 0, 8;
    %delay 10, 0;
    %pushi/vec4 226, 0, 8;
    %store/vec4 v0000023c5678a200_0, 0, 8;
    %delay 10, 0;
    %pushi/vec4 52, 0, 8;
    %store/vec4 v0000023c5678a200_0, 0, 8;
    %delay 10, 0;
    %pushi/vec4 24, 0, 8;
    %store/vec4 v0000023c5678a200_0, 0, 8;
    %delay 10, 0;
    %pushi/vec4 24, 0, 8;
    %store/vec4 v0000023c5678a200_0, 0, 8;
    %delay 10, 0;
    %pushi/vec4 60, 0, 8;
    %store/vec4 v0000023c5678a200_0, 0, 8;
    %delay 10, 0;
    %pushi/vec4 64, 0, 8;
    %store/vec4 v0000023c5678a200_0, 0, 8;
    %delay 10, 0;
    %pushi/vec4 134, 0, 8;
    %store/vec4 v0000023c5678a200_0, 0, 8;
    %delay 10, 0;
    %vpi_call 2 17 "$finish" {0 0 0};
    %end;
    .thread T_1;
# The file index is used to find the file name in the following table.
:file_names 4;
    "N/A";
    "<interactive>";
    "priority_encoder8_3_tb.v";
    "./priority_encoder8_3.v";
