#! /c/Source/iverilog-install/bin/vvp
:ivl_version "12.0 (devel)" "(s20150603-1539-g2693dd32b)";
:ivl_delay_selection "TYPICAL";
:vpi_time_precision + 0;
:vpi_module "C:\iverilog\lib\ivl\system.vpi";
:vpi_module "C:\iverilog\lib\ivl\vhdl_sys.vpi";
:vpi_module "C:\iverilog\lib\ivl\vhdl_textio.vpi";
:vpi_module "C:\iverilog\lib\ivl\v2005_math.vpi";
:vpi_module "C:\iverilog\lib\ivl\va_math.vpi";
S_0000025284d56bc0 .scope module, "decimal_to_bcd" "decimal_to_bcd" 2 1;
 .timescale 0 0;
    .port_info 0 /OUTPUT 4 "out";
    .port_info 1 /INPUT 10 "in";
L_0000025284d57380 .functor OR 1, L_0000025284dec240, L_0000025284ded140, C4<0>, C4<0>;
L_0000025284d575b0 .functor OR 1, L_0000025284dec1a0, L_0000025284decce0, C4<0>, C4<0>;
L_0000025284d56e60 .functor OR 1, L_0000025284d575b0, L_0000025284dec100, C4<0>, C4<0>;
L_0000025284d56ed0 .functor OR 1, L_0000025284d56e60, L_0000025284dece20, C4<0>, C4<0>;
L_0000025284da4460 .functor OR 1, L_0000025284decba0, L_0000025284decb00, C4<0>, C4<0>;
L_0000025284da44d0 .functor OR 1, L_0000025284da4460, L_0000025284ded3c0, C4<0>, C4<0>;
L_0000025284df64d0 .functor OR 1, L_0000025284da44d0, L_0000025284ded8c0, C4<0>, C4<0>;
L_0000025284df6af0 .functor OR 1, L_0000025284ded960, L_0000025284deda00, C4<0>, C4<0>;
L_0000025284df6850 .functor OR 1, L_0000025284df6af0, L_0000025284dec2e0, C4<0>, C4<0>;
L_0000025284df6a10 .functor OR 1, L_0000025284df6850, L_0000025284dec380, C4<0>, C4<0>;
L_0000025284df68c0 .functor OR 1, L_0000025284df6a10, L_0000025284dec9c0, C4<0>, C4<0>;
v0000025284d96c40_0 .net *"_ivl_11", 0 0, L_0000025284dec1a0;  1 drivers
v0000025284d96d80_0 .net *"_ivl_13", 0 0, L_0000025284decce0;  1 drivers
v0000025284d95f20_0 .net *"_ivl_14", 0 0, L_0000025284d575b0;  1 drivers
v0000025284d96920_0 .net *"_ivl_17", 0 0, L_0000025284dec100;  1 drivers
v0000025284d969c0_0 .net *"_ivl_18", 0 0, L_0000025284d56e60;  1 drivers
v0000025284d96a60_0 .net *"_ivl_21", 0 0, L_0000025284dece20;  1 drivers
v0000025284d962e0_0 .net *"_ivl_22", 0 0, L_0000025284d56ed0;  1 drivers
v0000025284d96060_0 .net *"_ivl_27", 0 0, L_0000025284decba0;  1 drivers
v0000025284d96380_0 .net *"_ivl_29", 0 0, L_0000025284decb00;  1 drivers
v0000025284d96420_0 .net *"_ivl_3", 0 0, L_0000025284dec240;  1 drivers
v0000025284d96600_0 .net *"_ivl_30", 0 0, L_0000025284da4460;  1 drivers
v0000025284d966a0_0 .net *"_ivl_33", 0 0, L_0000025284ded3c0;  1 drivers
v0000025284d96880_0 .net *"_ivl_34", 0 0, L_0000025284da44d0;  1 drivers
v0000025284ded0a0_0 .net *"_ivl_37", 0 0, L_0000025284ded8c0;  1 drivers
v0000025284decc40_0 .net *"_ivl_38", 0 0, L_0000025284df64d0;  1 drivers
v0000025284dec420_0 .net *"_ivl_44", 0 0, L_0000025284ded960;  1 drivers
v0000025284debfc0_0 .net *"_ivl_46", 0 0, L_0000025284deda00;  1 drivers
v0000025284debf20_0 .net *"_ivl_47", 0 0, L_0000025284df6af0;  1 drivers
v0000025284dedaa0_0 .net *"_ivl_5", 0 0, L_0000025284ded140;  1 drivers
v0000025284dedb40_0 .net *"_ivl_50", 0 0, L_0000025284dec2e0;  1 drivers
v0000025284dec060_0 .net *"_ivl_51", 0 0, L_0000025284df6850;  1 drivers
v0000025284ded820_0 .net *"_ivl_54", 0 0, L_0000025284dec380;  1 drivers
v0000025284dec7e0_0 .net *"_ivl_55", 0 0, L_0000025284df6a10;  1 drivers
v0000025284dec880_0 .net *"_ivl_58", 0 0, L_0000025284dec9c0;  1 drivers
v0000025284decd80_0 .net *"_ivl_59", 0 0, L_0000025284df68c0;  1 drivers
v0000025284debe80_0 .net *"_ivl_6", 0 0, L_0000025284d57380;  1 drivers
o0000025284da74b8 .functor BUFZ 10, C4<zzzzzzzzzz>; HiZ drive
v0000025284ded320_0 .net "in", 9 0, o0000025284da74b8;  0 drivers
v0000025284dec920_0 .net "out", 3 0, L_0000025284ded460;  1 drivers
L_0000025284dec240 .part o0000025284da74b8, 8, 1;
L_0000025284ded140 .part o0000025284da74b8, 9, 1;
L_0000025284dec1a0 .part o0000025284da74b8, 4, 1;
L_0000025284decce0 .part o0000025284da74b8, 5, 1;
L_0000025284dec100 .part o0000025284da74b8, 6, 1;
L_0000025284dece20 .part o0000025284da74b8, 7, 1;
L_0000025284decba0 .part o0000025284da74b8, 2, 1;
L_0000025284decb00 .part o0000025284da74b8, 3, 1;
L_0000025284ded3c0 .part o0000025284da74b8, 6, 1;
L_0000025284ded8c0 .part o0000025284da74b8, 7, 1;
L_0000025284ded460 .concat8 [ 1 1 1 1], L_0000025284df68c0, L_0000025284df64d0, L_0000025284d56ed0, L_0000025284d57380;
L_0000025284ded960 .part o0000025284da74b8, 1, 1;
L_0000025284deda00 .part o0000025284da74b8, 3, 1;
L_0000025284dec2e0 .part o0000025284da74b8, 5, 1;
L_0000025284dec380 .part o0000025284da74b8, 7, 1;
L_0000025284dec9c0 .part o0000025284da74b8, 9, 1;
# The file index is used to find the file name in the following table.
:file_names 3;
    "N/A";
    "<interactive>";
    "decimal_to_bcd.v";
