#! /c/Source/iverilog-install/bin/vvp
:ivl_version "12.0 (devel)" "(s20150603-1539-g2693dd32b)";
:ivl_delay_selection "TYPICAL";
:vpi_time_precision + 0;
:vpi_module "C:\iverilog\lib\ivl\system.vpi";
:vpi_module "C:\iverilog\lib\ivl\vhdl_sys.vpi";
:vpi_module "C:\iverilog\lib\ivl\vhdl_textio.vpi";
:vpi_module "C:\iverilog\lib\ivl\v2005_math.vpi";
:vpi_module "C:\iverilog\lib\ivl\va_math.vpi";
S_0000028e14c16a40 .scope module, "odd_parity_generator" "odd_parity_generator" 2 1;
 .timescale 0 0;
    .port_info 0 /INPUT 4 "in";
    .port_info 1 /OUTPUT 1 "p";
L_0000028e14c17310 .functor XOR 1, L_0000028e14c1e080, L_0000028e14c1e1c0, C4<0>, C4<0>;
L_0000028e14c1ed20 .functor XOR 1, L_0000028e14c17310, L_0000028e14c1e9e0, C4<0>, C4<0>;
L_0000028e14c1ee20 .functor XOR 1, L_0000028e14c1ed20, L_0000028e14c1e120, C4<0>, C4<0>;
L_0000028e14c1ee90 .functor NOT 1, L_0000028e14c1ee20, C4<0>, C4<0>, C4<0>;
v0000028e14c16bd0_0 .net *"_ivl_1", 0 0, L_0000028e14c1e080;  1 drivers
v0000028e14c16c70_0 .net *"_ivl_11", 0 0, L_0000028e14c1e120;  1 drivers
v0000028e14c16d10_0 .net *"_ivl_12", 0 0, L_0000028e14c1ee20;  1 drivers
v0000028e14c16db0_0 .net *"_ivl_3", 0 0, L_0000028e14c1e1c0;  1 drivers
v0000028e14c16e50_0 .net *"_ivl_4", 0 0, L_0000028e14c17310;  1 drivers
v0000028e14c1da90_0 .net *"_ivl_7", 0 0, L_0000028e14c1e9e0;  1 drivers
v0000028e14c1db30_0 .net *"_ivl_8", 0 0, L_0000028e14c1ed20;  1 drivers
o0000028e14ad7128 .functor BUFZ 4, C4<zzzz>; HiZ drive
v0000028e14c1dbd0_0 .net "in", 3 0, o0000028e14ad7128;  0 drivers
v0000028e14c1dc70_0 .net "p", 0 0, L_0000028e14c1ee90;  1 drivers
L_0000028e14c1e080 .part o0000028e14ad7128, 3, 1;
L_0000028e14c1e1c0 .part o0000028e14ad7128, 2, 1;
L_0000028e14c1e9e0 .part o0000028e14ad7128, 1, 1;
L_0000028e14c1e120 .part o0000028e14ad7128, 0, 1;
# The file index is used to find the file name in the following table.
:file_names 3;
    "N/A";
    "<interactive>";
    "odd_parity_generator.v";
