#! /c/Source/iverilog-install/bin/vvp
:ivl_version "12.0 (devel)" "(s20150603-1539-g2693dd32b)";
:ivl_delay_selection "TYPICAL";
:vpi_time_precision + 0;
:vpi_module "C:\iverilog\lib\ivl\system.vpi";
:vpi_module "C:\iverilog\lib\ivl\vhdl_sys.vpi";
:vpi_module "C:\iverilog\lib\ivl\vhdl_textio.vpi";
:vpi_module "C:\iverilog\lib\ivl\v2005_math.vpi";
:vpi_module "C:\iverilog\lib\ivl\va_math.vpi";
S_000002ad47116a40 .scope module, "even_parity_checker" "even_parity_checker" 2 1;
 .timescale 0 0;
    .port_info 0 /INPUT 4 "in";
    .port_info 1 /INPUT 1 "p";
    .port_info 2 /OUTPUT 1 "error";
L_000002ad471173b0 .functor XOR 1, L_000002ad4711ea30, L_000002ad4711ead0, C4<0>, C4<0>;
L_000002ad4711ecd0 .functor XOR 1, L_000002ad471173b0, L_000002ad4711dd10, C4<0>, C4<0>;
L_000002ad4711edd0 .functor XOR 1, L_000002ad4711ecd0, L_000002ad4711e670, C4<0>, C4<0>;
o000002ad47057138 .functor BUFZ 1, C4<z>; HiZ drive
L_000002ad4711ee40 .functor XOR 1, L_000002ad4711edd0, o000002ad47057138, C4<0>, C4<0>;
v000002ad47116bd0_0 .net *"_ivl_1", 0 0, L_000002ad4711ea30;  1 drivers
v000002ad47116c70_0 .net *"_ivl_11", 0 0, L_000002ad4711e670;  1 drivers
v000002ad47116d10_0 .net *"_ivl_12", 0 0, L_000002ad4711edd0;  1 drivers
v000002ad47116db0_0 .net *"_ivl_3", 0 0, L_000002ad4711ead0;  1 drivers
v000002ad47116e50_0 .net *"_ivl_4", 0 0, L_000002ad471173b0;  1 drivers
v000002ad4711da40_0 .net *"_ivl_7", 0 0, L_000002ad4711dd10;  1 drivers
v000002ad4711dae0_0 .net *"_ivl_8", 0 0, L_000002ad4711ecd0;  1 drivers
v000002ad4711db80_0 .net "error", 0 0, L_000002ad4711ee40;  1 drivers
o000002ad47057108 .functor BUFZ 4, C4<zzzz>; HiZ drive
v000002ad4711dc20_0 .net "in", 3 0, o000002ad47057108;  0 drivers
v000002ad4711e2b0_0 .net "p", 0 0, o000002ad47057138;  0 drivers
L_000002ad4711ea30 .part o000002ad47057108, 3, 1;
L_000002ad4711ead0 .part o000002ad47057108, 2, 1;
L_000002ad4711dd10 .part o000002ad47057108, 1, 1;
L_000002ad4711e670 .part o000002ad47057108, 0, 1;
# The file index is used to find the file name in the following table.
:file_names 3;
    "N/A";
    "<interactive>";
    "even_parity_checker.v";
