#! /c/Source/iverilog-install/bin/vvp
:ivl_version "12.0 (devel)" "(s20150603-1539-g2693dd32b)";
:ivl_delay_selection "TYPICAL";
:vpi_time_precision + 0;
:vpi_module "C:\iverilog\lib\ivl\system.vpi";
:vpi_module "C:\iverilog\lib\ivl\vhdl_sys.vpi";
:vpi_module "C:\iverilog\lib\ivl\vhdl_textio.vpi";
:vpi_module "C:\iverilog\lib\ivl\v2005_math.vpi";
:vpi_module "C:\iverilog\lib\ivl\va_math.vpi";
S_000002a86987ab10 .scope module, "even_parity_checker_tb" "even_parity_checker_tb" 2 2;
 .timescale 0 0;
v000002a869a71a30_0 .net "error", 0 0, L_000002a869a7a440;  1 drivers
v000002a869a72570_0 .var "in", 3 0;
v000002a869a71850_0 .var "p", 0 0;
S_000002a869a754f0 .scope module, "uut" "even_parity_checker" 2 6, 3 1 0, S_000002a86987ab10;
 .timescale 0 0;
    .port_info 0 /INPUT 4 "in";
    .port_info 1 /INPUT 1 "p";
    .port_info 2 /OUTPUT 1 "error";
L_000002a869a7a210 .functor XOR 1, L_000002a869a71cb0, L_000002a869a72070, C4<0>, C4<0>;
L_000002a869a79fe0 .functor XOR 1, L_000002a869a7a210, L_000002a869a722f0, C4<0>, C4<0>;
L_000002a869a7a360 .functor XOR 1, L_000002a869a79fe0, L_000002a869a71d50, C4<0>, C4<0>;
L_000002a869a7a440 .functor XOR 1, L_000002a869a7a360, v000002a869a71850_0, C4<0>, C4<0>;
v000002a86987aca0_0 .net *"_ivl_1", 0 0, L_000002a869a71cb0;  1 drivers
v000002a869876e80_0 .net *"_ivl_11", 0 0, L_000002a869a71d50;  1 drivers
v000002a86987ad40_0 .net *"_ivl_12", 0 0, L_000002a869a7a360;  1 drivers
v000002a869a75680_0 .net *"_ivl_3", 0 0, L_000002a869a72070;  1 drivers
v000002a869a75720_0 .net *"_ivl_4", 0 0, L_000002a869a7a210;  1 drivers
v000002a869a757c0_0 .net *"_ivl_7", 0 0, L_000002a869a722f0;  1 drivers
v000002a869a75860_0 .net *"_ivl_8", 0 0, L_000002a869a79fe0;  1 drivers
v000002a86987bd10_0 .net "error", 0 0, L_000002a869a7a440;  alias, 1 drivers
v000002a86987bdb0_0 .net "in", 3 0, v000002a869a72570_0;  1 drivers
v000002a869a72610_0 .net "p", 0 0, v000002a869a71850_0;  1 drivers
L_000002a869a71cb0 .part v000002a869a72570_0, 3, 1;
L_000002a869a72070 .part v000002a869a72570_0, 2, 1;
L_000002a869a722f0 .part v000002a869a72570_0, 1, 1;
L_000002a869a71d50 .part v000002a869a72570_0, 0, 1;
    .scope S_000002a86987ab10;
T_0 ;
    %vpi_call 2 8 "$dumpfile", "even_parity_checker.vcd" {0 0 0};
    %vpi_call 2 9 "$dumpvars", 32'sb00000000000000000000000000000000, S_000002a86987ab10 {0 0 0};
    %pushi/vec4 0, 0, 4;
    %store/vec4 v000002a869a72570_0, 0, 4;
    %pushi/vec4 0, 0, 1;
    %store/vec4 v000002a869a71850_0, 0, 1;
    %delay 10, 0;
    %pushi/vec4 1, 0, 4;
    %store/vec4 v000002a869a72570_0, 0, 4;
    %pushi/vec4 1, 0, 1;
    %store/vec4 v000002a869a71850_0, 0, 1;
    %delay 10, 0;
    %pushi/vec4 2, 0, 4;
    %store/vec4 v000002a869a72570_0, 0, 4;
    %pushi/vec4 0, 0, 1;
    %store/vec4 v000002a869a71850_0, 0, 1;
    %delay 10, 0;
    %pushi/vec4 3, 0, 4;
    %store/vec4 v000002a869a72570_0, 0, 4;
    %pushi/vec4 1, 0, 1;
    %store/vec4 v000002a869a71850_0, 0, 1;
    %delay 10, 0;
    %pushi/vec4 4, 0, 4;
    %store/vec4 v000002a869a72570_0, 0, 4;
    %pushi/vec4 0, 0, 1;
    %store/vec4 v000002a869a71850_0, 0, 1;
    %delay 10, 0;
    %pushi/vec4 5, 0, 4;
    %store/vec4 v000002a869a72570_0, 0, 4;
    %pushi/vec4 1, 0, 1;
    %store/vec4 v000002a869a71850_0, 0, 1;
    %delay 10, 0;
    %pushi/vec4 6, 0, 4;
    %store/vec4 v000002a869a72570_0, 0, 4;
    %pushi/vec4 0, 0, 1;
    %store/vec4 v000002a869a71850_0, 0, 1;
    %delay 10, 0;
    %pushi/vec4 7, 0, 4;
    %store/vec4 v000002a869a72570_0, 0, 4;
    %pushi/vec4 1, 0, 1;
    %store/vec4 v000002a869a71850_0, 0, 1;
    %delay 10, 0;
    %pushi/vec4 8, 0, 4;
    %store/vec4 v000002a869a72570_0, 0, 4;
    %pushi/vec4 0, 0, 1;
    %store/vec4 v000002a869a71850_0, 0, 1;
    %delay 10, 0;
    %pushi/vec4 9, 0, 4;
    %store/vec4 v000002a869a72570_0, 0, 4;
    %pushi/vec4 1, 0, 1;
    %store/vec4 v000002a869a71850_0, 0, 1;
    %delay 10, 0;
    %pushi/vec4 10, 0, 4;
    %store/vec4 v000002a869a72570_0, 0, 4;
    %pushi/vec4 0, 0, 1;
    %store/vec4 v000002a869a71850_0, 0, 1;
    %delay 10, 0;
    %pushi/vec4 11, 0, 4;
    %store/vec4 v000002a869a72570_0, 0, 4;
    %pushi/vec4 1, 0, 1;
    %store/vec4 v000002a869a71850_0, 0, 1;
    %delay 10, 0;
    %pushi/vec4 12, 0, 4;
    %store/vec4 v000002a869a72570_0, 0, 4;
    %pushi/vec4 0, 0, 1;
    %store/vec4 v000002a869a71850_0, 0, 1;
    %delay 10, 0;
    %pushi/vec4 13, 0, 4;
    %store/vec4 v000002a869a72570_0, 0, 4;
    %pushi/vec4 1, 0, 1;
    %store/vec4 v000002a869a71850_0, 0, 1;
    %delay 10, 0;
    %pushi/vec4 14, 0, 4;
    %store/vec4 v000002a869a72570_0, 0, 4;
    %pushi/vec4 0, 0, 1;
    %store/vec4 v000002a869a71850_0, 0, 1;
    %delay 10, 0;
    %pushi/vec4 15, 0, 4;
    %store/vec4 v000002a869a72570_0, 0, 4;
    %pushi/vec4 1, 0, 1;
    %store/vec4 v000002a869a71850_0, 0, 1;
    %delay 10, 0;
    %vpi_call 2 26 "$finish" {0 0 0};
    %end;
    .thread T_0;
# The file index is used to find the file name in the following table.
:file_names 4;
    "N/A";
    "<interactive>";
    "even_parity_checker_tb.v";
    "./even_parity_checker.v";
