#! /c/Source/iverilog-install/bin/vvp
:ivl_version "12.0 (devel)" "(s20150603-1539-g2693dd32b)";
:ivl_delay_selection "TYPICAL";
:vpi_time_precision + 0;
:vpi_module "C:\iverilog\lib\ivl\system.vpi";
:vpi_module "C:\iverilog\lib\ivl\vhdl_sys.vpi";
:vpi_module "C:\iverilog\lib\ivl\vhdl_textio.vpi";
:vpi_module "C:\iverilog\lib\ivl\v2005_math.vpi";
:vpi_module "C:\iverilog\lib\ivl\va_math.vpi";
S_00000240da7e6ab0 .scope module, "full_adder" "full_adder" 2 1;
 .timescale 0 0;
    .port_info 0 /INPUT 1 "a";
    .port_info 1 /INPUT 1 "b";
    .port_info 2 /INPUT 1 "cin";
    .port_info 3 /OUTPUT 1 "sum";
    .port_info 4 /OUTPUT 1 "carry";
o00000240da8370c8 .functor BUFZ 1, C4<z>; HiZ drive
o00000240da8370f8 .functor BUFZ 1, C4<z>; HiZ drive
L_00000240da7ea7f0 .functor XOR 1, o00000240da8370c8, o00000240da8370f8, C4<0>, C4<0>;
o00000240da837158 .functor BUFZ 1, C4<z>; HiZ drive
L_00000240da7e7370 .functor XOR 1, L_00000240da7ea7f0, o00000240da837158, C4<0>, C4<0>;
L_00000240da7e7570 .functor AND 1, o00000240da8370c8, o00000240da8370f8, C4<1>, C4<1>;
L_00000240da7ee500 .functor AND 1, o00000240da8370f8, o00000240da837158, C4<1>, C4<1>;
L_00000240da7ee570 .functor OR 1, L_00000240da7e7570, L_00000240da7ee500, C4<0>, C4<0>;
L_00000240da7ee5e0 .functor AND 1, o00000240da8370c8, o00000240da837158, C4<1>, C4<1>;
L_00000240da7ee650 .functor OR 1, L_00000240da7ee570, L_00000240da7ee5e0, C4<0>, C4<0>;
v00000240da7ea750_0 .net *"_ivl_0", 0 0, L_00000240da7ea7f0;  1 drivers
v00000240da7e6c40_0 .net *"_ivl_10", 0 0, L_00000240da7ee5e0;  1 drivers
v00000240da7e6ce0_0 .net *"_ivl_4", 0 0, L_00000240da7e7570;  1 drivers
v00000240da7e6d80_0 .net *"_ivl_6", 0 0, L_00000240da7ee500;  1 drivers
v00000240da7e6e20_0 .net *"_ivl_8", 0 0, L_00000240da7ee570;  1 drivers
v00000240da7e6ec0_0 .net "a", 0 0, o00000240da8370c8;  0 drivers
v00000240da7ee1f0_0 .net "b", 0 0, o00000240da8370f8;  0 drivers
v00000240da7ee290_0 .net "carry", 0 0, L_00000240da7ee650;  1 drivers
v00000240da7ee330_0 .net "cin", 0 0, o00000240da837158;  0 drivers
v00000240da7ee460_0 .net "sum", 0 0, L_00000240da7e7370;  1 drivers
# The file index is used to find the file name in the following table.
:file_names 3;
    "N/A";
    "<interactive>";
    "full_adder.v";
